<?xml version="1.0" encoding="UTF-8"?>
<robot generator="Robot 7.0 (Python 3.12.3 on win32)" generated="2024-04-22T12:10:19.955412" rpa="false" schemaversion="5">
<suite id="s1" name="Case 101" source="C:\Users\luyto\OneDrive\เดสก์ท็อป\Quiz\PROJECT\testcase\answer_quiz_1\case_101.robot">
<test id="s1-t1" name="Test case 101" line="6">
<kw name="Create duplicates list" owner="basic_common">
<kw name="Create List" owner="BuiltIn">
<msg time="2024-04-22T12:10:21.263666" level="INFO">@{list_new} = [ ]</msg>
<var>@{list_new}</var>
<doc>Returns a list containing given items.</doc>
<status status="PASS" start="2024-04-22T12:10:21.263666" elapsed="0.000000"/>
</kw>
<for flavor="IN">
<iter>
<for flavor="IN">
<iter>
<if>
<branch type="IF" condition="'${item1}' == '${item2}'">
<kw name="Run Keyword And Return Status" owner="BuiltIn">
<var>${status}</var>
<arg>Collections.List Should Contain Value</arg>
<arg>${list_new}</arg>
<arg>${item2}</arg>
<doc>Runs the given keyword with given arguments and returns the status as a Boolean value.</doc>
<status status="NOT RUN" start="2024-04-22T12:10:21.265661" elapsed="0.000000"/>
</kw>
<if>
<branch type="IF" condition="'${status}' != 'True'">
<kw name="Append To List" owner="Collections">
<arg>${list_new}</arg>
<arg>${item2}</arg>
<doc>Adds ``values`` to the end of ``list``.</doc>
<status status="NOT RUN" start="2024-04-22T12:10:21.265661" elapsed="0.000000"/>
</kw>
<status status="NOT RUN" start="2024-04-22T12:10:21.265661" elapsed="0.000000"/>
</branch>
<status status="NOT RUN" start="2024-04-22T12:10:21.265661" elapsed="0.000000"/>
</if>
<status status="NOT RUN" start="2024-04-22T12:10:21.264663" elapsed="0.001996"/>
</branch>
<status status="PASS" start="2024-04-22T12:10:21.264663" elapsed="0.001996"/>
</if>
<var name="${item2}">3</var>
<status status="PASS" start="2024-04-22T12:10:21.264663" elapsed="0.001996"/>
</iter>
<iter>
<if>
<branch type="IF" condition="'${item1}' == '${item2}'">
<kw name="Run Keyword And Return Status" owner="BuiltIn">
<var>${status}</var>
<arg>Collections.List Should Contain Value</arg>
<arg>${list_new}</arg>
<arg>${item2}</arg>
<doc>Runs the given keyword with given arguments and returns the status as a Boolean value.</doc>
<status status="NOT RUN" start="2024-04-22T12:10:21.266659" elapsed="0.000962"/>
</kw>
<if>
<branch type="IF" condition="'${status}' != 'True'">
<kw name="Append To List" owner="Collections">
<arg>${list_new}</arg>
<arg>${item2}</arg>
<doc>Adds ``values`` to the end of ``list``.</doc>
<status status="NOT RUN" start="2024-04-22T12:10:21.267621" elapsed="0.000000"/>
</kw>
<status status="NOT RUN" start="2024-04-22T12:10:21.267621" elapsed="0.000000"/>
</branch>
<status status="NOT RUN" start="2024-04-22T12:10:21.267621" elapsed="0.000000"/>
</if>
<status status="NOT RUN" start="2024-04-22T12:10:21.266659" elapsed="0.000962"/>
</branch>
<status status="PASS" start="2024-04-22T12:10:21.266659" elapsed="0.000962"/>
</if>
<var name="${item2}">2</var>
<status status="PASS" start="2024-04-22T12:10:21.266659" elapsed="0.000962"/>
</iter>
<iter>
<if>
<branch type="IF" condition="'${item1}' == '${item2}'">
<kw name="Run Keyword And Return Status" owner="BuiltIn">
<kw name="List Should Contain Value" owner="Collections">
<msg time="2024-04-22T12:10:21.269639" level="INFO">False</msg>
<msg time="2024-04-22T12:10:21.269639" level="FAIL">[ ] does not contain value '1'.</msg>
<arg>${list_new}</arg>
<arg>${item2}</arg>
<doc>Fails if the ``value`` is not found from ``list``.</doc>
<status status="FAIL" start="2024-04-22T12:10:21.269639" elapsed="0.000973">[ ] does not contain value '1'.</status>
</kw>
<msg time="2024-04-22T12:10:21.270612" level="INFO">${status} = False</msg>
<var>${status}</var>
<arg>Collections.List Should Contain Value</arg>
<arg>${list_new}</arg>
<arg>${item2}</arg>
<doc>Runs the given keyword with given arguments and returns the status as a Boolean value.</doc>
<status status="PASS" start="2024-04-22T12:10:21.268648" elapsed="0.001964"/>
</kw>
<if>
<branch type="IF" condition="'${status}' != 'True'">
<kw name="Append To List" owner="Collections">
<arg>${list_new}</arg>
<arg>${item2}</arg>
<doc>Adds ``values`` to the end of ``list``.</doc>
<status status="PASS" start="2024-04-22T12:10:21.271609" elapsed="0.000000"/>
</kw>
<status status="PASS" start="2024-04-22T12:10:21.270612" elapsed="0.000997"/>
</branch>
<status status="PASS" start="2024-04-22T12:10:21.270612" elapsed="0.000997"/>
</if>
<status status="PASS" start="2024-04-22T12:10:21.268648" elapsed="0.002961"/>
</branch>
<status status="PASS" start="2024-04-22T12:10:21.268648" elapsed="0.002961"/>
</if>
<var name="${item2}">1</var>
<status status="PASS" start="2024-04-22T12:10:21.268648" elapsed="0.002961"/>
</iter>
<iter>
<if>
<branch type="IF" condition="'${item1}' == '${item2}'">
<kw name="Run Keyword And Return Status" owner="BuiltIn">
<var>${status}</var>
<arg>Collections.List Should Contain Value</arg>
<arg>${list_new}</arg>
<arg>${item2}</arg>
<doc>Runs the given keyword with given arguments and returns the status as a Boolean value.</doc>
<status status="NOT RUN" start="2024-04-22T12:10:21.272606" elapsed="0.000000"/>
</kw>
<if>
<branch type="IF" condition="'${status}' != 'True'">
<kw name="Append To List" owner="Collections">
<arg>${list_new}</arg>
<arg>${item2}</arg>
<doc>Adds ``values`` to the end of ``list``.</doc>
<status status="NOT RUN" start="2024-04-22T12:10:21.273604" elapsed="0.000000"/>
</kw>
<status status="NOT RUN" start="2024-04-22T12:10:21.272606" elapsed="0.000998"/>
</branch>
<status status="NOT RUN" start="2024-04-22T12:10:21.272606" elapsed="0.000998"/>
</if>
<status status="NOT RUN" start="2024-04-22T12:10:21.272606" elapsed="0.000998"/>
</branch>
<status status="PASS" start="2024-04-22T12:10:21.272606" elapsed="0.000998"/>
</if>
<var name="${item2}">5</var>
<status status="PASS" start="2024-04-22T12:10:21.272606" elapsed="0.000998"/>
</iter>
<iter>
<if>
<branch type="IF" condition="'${item1}' == '${item2}'">
<kw name="Run Keyword And Return Status" owner="BuiltIn">
<var>${status}</var>
<arg>Collections.List Should Contain Value</arg>
<arg>${list_new}</arg>
<arg>${item2}</arg>
<doc>Runs the given keyword with given arguments and returns the status as a Boolean value.</doc>
<status status="NOT RUN" start="2024-04-22T12:10:21.274603" elapsed="0.000000"/>
</kw>
<if>
<branch type="IF" condition="'${status}' != 'True'">
<kw name="Append To List" owner="Collections">
<arg>${list_new}</arg>
<arg>${item2}</arg>
<doc>Adds ``values`` to the end of ``list``.</doc>
<status status="NOT RUN" start="2024-04-22T12:10:21.275635" elapsed="0.000000"/>
</kw>
<status status="NOT RUN" start="2024-04-22T12:10:21.275635" elapsed="0.000000"/>
</branch>
<status status="NOT RUN" start="2024-04-22T12:10:21.275635" elapsed="0.000000"/>
</if>
<status status="NOT RUN" start="2024-04-22T12:10:21.274603" elapsed="0.001032"/>
</branch>
<status status="PASS" start="2024-04-22T12:10:21.274603" elapsed="0.001032"/>
</if>
<var name="${item2}">6</var>
<status status="PASS" start="2024-04-22T12:10:21.274603" elapsed="0.001032"/>
</iter>
<iter>
<if>
<branch type="IF" condition="'${item1}' == '${item2}'">
<kw name="Run Keyword And Return Status" owner="BuiltIn">
<var>${status}</var>
<arg>Collections.List Should Contain Value</arg>
<arg>${list_new}</arg>
<arg>${item2}</arg>
<doc>Runs the given keyword with given arguments and returns the status as a Boolean value.</doc>
<status status="NOT RUN" start="2024-04-22T12:10:21.276632" elapsed="0.000000"/>
</kw>
<if>
<branch type="IF" condition="'${status}' != 'True'">
<kw name="Append To List" owner="Collections">
<arg>${list_new}</arg>
<arg>${item2}</arg>
<doc>Adds ``values`` to the end of ``list``.</doc>
<status status="NOT RUN" start="2024-04-22T12:10:21.276632" elapsed="0.000000"/>
</kw>
<status status="NOT RUN" start="2024-04-22T12:10:21.276632" elapsed="0.000000"/>
</branch>
<status status="NOT RUN" start="2024-04-22T12:10:21.276632" elapsed="0.000966"/>
</if>
<status status="NOT RUN" start="2024-04-22T12:10:21.276632" elapsed="0.000966"/>
</branch>
<status status="PASS" start="2024-04-22T12:10:21.275635" elapsed="0.001963"/>
</if>
<var name="${item2}">0</var>
<status status="PASS" start="2024-04-22T12:10:21.275635" elapsed="0.001963"/>
</iter>
<var>${item2}</var>
<value>@{list_2}</value>
<status status="PASS" start="2024-04-22T12:10:21.264663" elapsed="0.012935"/>
</for>
<var name="${item1}">1</var>
<status status="PASS" start="2024-04-22T12:10:21.264663" elapsed="0.012935"/>
</iter>
<iter>
<for flavor="IN">
<iter>
<if>
<branch type="IF" condition="'${item1}' == '${item2}'">
<kw name="Run Keyword And Return Status" owner="BuiltIn">
<var>${status}</var>
<arg>Collections.List Should Contain Value</arg>
<arg>${list_new}</arg>
<arg>${item2}</arg>
<doc>Runs the given keyword with given arguments and returns the status as a Boolean value.</doc>
<status status="NOT RUN" start="2024-04-22T12:10:21.278590" elapsed="0.000000"/>
</kw>
<if>
<branch type="IF" condition="'${status}' != 'True'">
<kw name="Append To List" owner="Collections">
<arg>${list_new}</arg>
<arg>${item2}</arg>
<doc>Adds ``values`` to the end of ``list``.</doc>
<status status="NOT RUN" start="2024-04-22T12:10:21.279588" elapsed="0.000000"/>
</kw>
<status status="NOT RUN" start="2024-04-22T12:10:21.278590" elapsed="0.000998"/>
</branch>
<status status="NOT RUN" start="2024-04-22T12:10:21.278590" elapsed="0.000998"/>
</if>
<status status="NOT RUN" start="2024-04-22T12:10:21.278590" elapsed="0.000998"/>
</branch>
<status status="PASS" start="2024-04-22T12:10:21.278590" elapsed="0.000998"/>
</if>
<var name="${item2}">3</var>
<status status="PASS" start="2024-04-22T12:10:21.278590" elapsed="0.000998"/>
</iter>
<iter>
<if>
<branch type="IF" condition="'${item1}' == '${item2}'">
<kw name="Run Keyword And Return Status" owner="BuiltIn">
<kw name="List Should Contain Value" owner="Collections">
<msg time="2024-04-22T12:10:21.280585" level="INFO">False</msg>
<msg time="2024-04-22T12:10:21.281583" level="FAIL">[ 1 ] does not contain value '2'.</msg>
<arg>${list_new}</arg>
<arg>${item2}</arg>
<doc>Fails if the ``value`` is not found from ``list``.</doc>
<status status="FAIL" start="2024-04-22T12:10:21.280585" elapsed="0.001221">[ 1 ] does not contain value '2'.</status>
</kw>
<msg time="2024-04-22T12:10:21.281806" level="INFO">${status} = False</msg>
<var>${status}</var>
<arg>Collections.List Should Contain Value</arg>
<arg>${list_new}</arg>
<arg>${item2}</arg>
<doc>Runs the given keyword with given arguments and returns the status as a Boolean value.</doc>
<status status="PASS" start="2024-04-22T12:10:21.280585" elapsed="0.001221"/>
</kw>
<if>
<branch type="IF" condition="'${status}' != 'True'">
<kw name="Append To List" owner="Collections">
<arg>${list_new}</arg>
<arg>${item2}</arg>
<doc>Adds ``values`` to the end of ``list``.</doc>
<status status="PASS" start="2024-04-22T12:10:21.281806" elapsed="0.001033"/>
</kw>
<status status="PASS" start="2024-04-22T12:10:21.281806" elapsed="0.001033"/>
</branch>
<status status="PASS" start="2024-04-22T12:10:21.281806" elapsed="0.001033"/>
</if>
<status status="PASS" start="2024-04-22T12:10:21.279588" elapsed="0.003251"/>
</branch>
<status status="PASS" start="2024-04-22T12:10:21.279588" elapsed="0.003251"/>
</if>
<var name="${item2}">2</var>
<status status="PASS" start="2024-04-22T12:10:21.279588" elapsed="0.003251"/>
</iter>
<iter>
<if>
<branch type="IF" condition="'${item1}' == '${item2}'">
<kw name="Run Keyword And Return Status" owner="BuiltIn">
<var>${status}</var>
<arg>Collections.List Should Contain Value</arg>
<arg>${list_new}</arg>
<arg>${item2}</arg>
<doc>Runs the given keyword with given arguments and returns the status as a Boolean value.</doc>
<status status="NOT RUN" start="2024-04-22T12:10:21.283826" elapsed="0.000000"/>
</kw>
<if>
<branch type="IF" condition="'${status}' != 'True'">
<kw name="Append To List" owner="Collections">
<arg>${list_new}</arg>
<arg>${item2}</arg>
<doc>Adds ``values`` to the end of ``list``.</doc>
<status status="NOT RUN" start="2024-04-22T12:10:21.283826" elapsed="0.000000"/>
</kw>
<status status="NOT RUN" start="2024-04-22T12:10:21.283826" elapsed="0.000000"/>
</branch>
<status status="NOT RUN" start="2024-04-22T12:10:21.283826" elapsed="0.000000"/>
</if>
<status status="NOT RUN" start="2024-04-22T12:10:21.282839" elapsed="0.000987"/>
</branch>
<status status="PASS" start="2024-04-22T12:10:21.282839" elapsed="0.000987"/>
</if>
<var name="${item2}">1</var>
<status status="PASS" start="2024-04-22T12:10:21.282839" elapsed="0.001960"/>
</iter>
<iter>
<if>
<branch type="IF" condition="'${item1}' == '${item2}'">
<kw name="Run Keyword And Return Status" owner="BuiltIn">
<var>${status}</var>
<arg>Collections.List Should Contain Value</arg>
<arg>${list_new}</arg>
<arg>${item2}</arg>
<doc>Runs the given keyword with given arguments and returns the status as a Boolean value.</doc>
<status status="NOT RUN" start="2024-04-22T12:10:21.284799" elapsed="0.000000"/>
</kw>
<if>
<branch type="IF" condition="'${status}' != 'True'">
<kw name="Append To List" owner="Collections">
<arg>${list_new}</arg>
<arg>${item2}</arg>
<doc>Adds ``values`` to the end of ``list``.</doc>
<status status="NOT RUN" start="2024-04-22T12:10:21.285794" elapsed="0.000000"/>
</kw>
<status status="NOT RUN" start="2024-04-22T12:10:21.285794" elapsed="0.000000"/>
</branch>
<status status="NOT RUN" start="2024-04-22T12:10:21.285794" elapsed="0.000000"/>
</if>
<status status="NOT RUN" start="2024-04-22T12:10:21.284799" elapsed="0.000995"/>
</branch>
<status status="PASS" start="2024-04-22T12:10:21.284799" elapsed="0.000995"/>
</if>
<var name="${item2}">5</var>
<status status="PASS" start="2024-04-22T12:10:21.284799" elapsed="0.000995"/>
</iter>
<iter>
<if>
<branch type="IF" condition="'${item1}' == '${item2}'">
<kw name="Run Keyword And Return Status" owner="BuiltIn">
<var>${status}</var>
<arg>Collections.List Should Contain Value</arg>
<arg>${list_new}</arg>
<arg>${item2}</arg>
<doc>Runs the given keyword with given arguments and returns the status as a Boolean value.</doc>
<status status="NOT RUN" start="2024-04-22T12:10:21.286791" elapsed="0.000000"/>
</kw>
<if>
<branch type="IF" condition="'${status}' != 'True'">
<kw name="Append To List" owner="Collections">
<arg>${list_new}</arg>
<arg>${item2}</arg>
<doc>Adds ``values`` to the end of ``list``.</doc>
<status status="NOT RUN" start="2024-04-22T12:10:21.286791" elapsed="0.000000"/>
</kw>
<status status="NOT RUN" start="2024-04-22T12:10:21.286791" elapsed="0.001000"/>
</branch>
<status status="NOT RUN" start="2024-04-22T12:10:21.286791" elapsed="0.001000"/>
</if>
<status status="NOT RUN" start="2024-04-22T12:10:21.286791" elapsed="0.001000"/>
</branch>
<status status="PASS" start="2024-04-22T12:10:21.286791" elapsed="0.001000"/>
</if>
<var name="${item2}">6</var>
<status status="PASS" start="2024-04-22T12:10:21.285794" elapsed="0.001997"/>
</iter>
<iter>
<if>
<branch type="IF" condition="'${item1}' == '${item2}'">
<kw name="Run Keyword And Return Status" owner="BuiltIn">
<var>${status}</var>
<arg>Collections.List Should Contain Value</arg>
<arg>${list_new}</arg>
<arg>${item2}</arg>
<doc>Runs the given keyword with given arguments and returns the status as a Boolean value.</doc>
<status status="NOT RUN" start="2024-04-22T12:10:21.288786" elapsed="0.000000"/>
</kw>
<if>
<branch type="IF" condition="'${status}' != 'True'">
<kw name="Append To List" owner="Collections">
<arg>${list_new}</arg>
<arg>${item2}</arg>
<doc>Adds ``values`` to the end of ``list``.</doc>
<status status="NOT RUN" start="2024-04-22T12:10:21.288786" elapsed="0.000000"/>
</kw>
<status status="NOT RUN" start="2024-04-22T12:10:21.288786" elapsed="0.000000"/>
</branch>
<status status="NOT RUN" start="2024-04-22T12:10:21.288786" elapsed="0.000000"/>
</if>
<status status="NOT RUN" start="2024-04-22T12:10:21.287791" elapsed="0.000995"/>
</branch>
<status status="PASS" start="2024-04-22T12:10:21.287791" elapsed="0.001994"/>
</if>
<var name="${item2}">0</var>
<status status="PASS" start="2024-04-22T12:10:21.287791" elapsed="0.001994"/>
</iter>
<var>${item2}</var>
<value>@{list_2}</value>
<status status="PASS" start="2024-04-22T12:10:21.277598" elapsed="0.012187"/>
</for>
<var name="${item1}">2</var>
<status status="PASS" start="2024-04-22T12:10:21.277598" elapsed="0.012187"/>
</iter>
<iter>
<for flavor="IN">
<iter>
<if>
<branch type="IF" condition="'${item1}' == '${item2}'">
<kw name="Run Keyword And Return Status" owner="BuiltIn">
<kw name="List Should Contain Value" owner="Collections">
<msg time="2024-04-22T12:10:21.291778" level="INFO">False</msg>
<msg time="2024-04-22T12:10:21.291778" level="FAIL">[ 1 | 2 ] does not contain value '3'.</msg>
<arg>${list_new}</arg>
<arg>${item2}</arg>
<doc>Fails if the ``value`` is not found from ``list``.</doc>
<status status="FAIL" start="2024-04-22T12:10:21.291778" elapsed="0.000000">[ 1 | 2 ] does not contain value '3'.</status>
</kw>
<msg time="2024-04-22T12:10:21.291778" level="INFO">${status} = False</msg>
<var>${status}</var>
<arg>Collections.List Should Contain Value</arg>
<arg>${list_new}</arg>
<arg>${item2}</arg>
<doc>Runs the given keyword with given arguments and returns the status as a Boolean value.</doc>
<status status="PASS" start="2024-04-22T12:10:21.290782" elapsed="0.000996"/>
</kw>
<if>
<branch type="IF" condition="'${status}' != 'True'">
<kw name="Append To List" owner="Collections">
<arg>${list_new}</arg>
<arg>${item2}</arg>
<doc>Adds ``values`` to the end of ``list``.</doc>
<status status="PASS" start="2024-04-22T12:10:21.292776" elapsed="0.000000"/>
</kw>
<status status="PASS" start="2024-04-22T12:10:21.292776" elapsed="0.000000"/>
</branch>
<status status="PASS" start="2024-04-22T12:10:21.292776" elapsed="0.000000"/>
</if>
<status status="PASS" start="2024-04-22T12:10:21.290782" elapsed="0.002991"/>
</branch>
<status status="PASS" start="2024-04-22T12:10:21.290782" elapsed="0.002991"/>
</if>
<var name="${item2}">3</var>
<status status="PASS" start="2024-04-22T12:10:21.290782" elapsed="0.002991"/>
</iter>
<iter>
<if>
<branch type="IF" condition="'${item1}' == '${item2}'">
<kw name="Run Keyword And Return Status" owner="BuiltIn">
<var>${status}</var>
<arg>Collections.List Should Contain Value</arg>
<arg>${list_new}</arg>
<arg>${item2}</arg>
<doc>Runs the given keyword with given arguments and returns the status as a Boolean value.</doc>
<status status="NOT RUN" start="2024-04-22T12:10:21.293773" elapsed="0.000998"/>
</kw>
<if>
<branch type="IF" condition="'${status}' != 'True'">
<kw name="Append To List" owner="Collections">
<arg>${list_new}</arg>
<arg>${item2}</arg>
<doc>Adds ``values`` to the end of ``list``.</doc>
<status status="NOT RUN" start="2024-04-22T12:10:21.294771" elapsed="0.000000"/>
</kw>
<status status="NOT RUN" start="2024-04-22T12:10:21.294771" elapsed="0.000000"/>
</branch>
<status status="NOT RUN" start="2024-04-22T12:10:21.294771" elapsed="0.000000"/>
</if>
<status status="NOT RUN" start="2024-04-22T12:10:21.293773" elapsed="0.000998"/>
</branch>
<status status="PASS" start="2024-04-22T12:10:21.293773" elapsed="0.000998"/>
</if>
<var name="${item2}">2</var>
<status status="PASS" start="2024-04-22T12:10:21.293773" elapsed="0.000998"/>
</iter>
<iter>
<if>
<branch type="IF" condition="'${item1}' == '${item2}'">
<kw name="Run Keyword And Return Status" owner="BuiltIn">
<var>${status}</var>
<arg>Collections.List Should Contain Value</arg>
<arg>${list_new}</arg>
<arg>${item2}</arg>
<doc>Runs the given keyword with given arguments and returns the status as a Boolean value.</doc>
<status status="NOT RUN" start="2024-04-22T12:10:21.295768" elapsed="0.000000"/>
</kw>
<if>
<branch type="IF" condition="'${status}' != 'True'">
<kw name="Append To List" owner="Collections">
<arg>${list_new}</arg>
<arg>${item2}</arg>
<doc>Adds ``values`` to the end of ``list``.</doc>
<status status="NOT RUN" start="2024-04-22T12:10:21.295768" elapsed="0.001034"/>
</kw>
<status status="NOT RUN" start="2024-04-22T12:10:21.295768" elapsed="0.001034"/>
</branch>
<status status="NOT RUN" start="2024-04-22T12:10:21.295768" elapsed="0.001034"/>
</if>
<status status="NOT RUN" start="2024-04-22T12:10:21.295768" elapsed="0.001034"/>
</branch>
<status status="PASS" start="2024-04-22T12:10:21.295768" elapsed="0.001034"/>
</if>
<var name="${item2}">1</var>
<status status="PASS" start="2024-04-22T12:10:21.295768" elapsed="0.001034"/>
</iter>
<iter>
<if>
<branch type="IF" condition="'${item1}' == '${item2}'">
<kw name="Run Keyword And Return Status" owner="BuiltIn">
<var>${status}</var>
<arg>Collections.List Should Contain Value</arg>
<arg>${list_new}</arg>
<arg>${item2}</arg>
<doc>Runs the given keyword with given arguments and returns the status as a Boolean value.</doc>
<status status="NOT RUN" start="2024-04-22T12:10:21.297788" elapsed="0.000000"/>
</kw>
<if>
<branch type="IF" condition="'${status}' != 'True'">
<kw name="Append To List" owner="Collections">
<arg>${list_new}</arg>
<arg>${item2}</arg>
<doc>Adds ``values`` to the end of ``list``.</doc>
<status status="NOT RUN" start="2024-04-22T12:10:21.297788" elapsed="0.000000"/>
</kw>
<status status="NOT RUN" start="2024-04-22T12:10:21.297788" elapsed="0.000000"/>
</branch>
<status status="NOT RUN" start="2024-04-22T12:10:21.297788" elapsed="0.000000"/>
</if>
<status status="NOT RUN" start="2024-04-22T12:10:21.296802" elapsed="0.000986"/>
</branch>
<status status="PASS" start="2024-04-22T12:10:21.296802" elapsed="0.000986"/>
</if>
<var name="${item2}">5</var>
<status status="PASS" start="2024-04-22T12:10:21.296802" elapsed="0.000986"/>
</iter>
<iter>
<if>
<branch type="IF" condition="'${item1}' == '${item2}'">
<kw name="Run Keyword And Return Status" owner="BuiltIn">
<var>${status}</var>
<arg>Collections.List Should Contain Value</arg>
<arg>${list_new}</arg>
<arg>${item2}</arg>
<doc>Runs the given keyword with given arguments and returns the status as a Boolean value.</doc>
<status status="NOT RUN" start="2024-04-22T12:10:21.298762" elapsed="0.000000"/>
</kw>
<if>
<branch type="IF" condition="'${status}' != 'True'">
<kw name="Append To List" owner="Collections">
<arg>${list_new}</arg>
<arg>${item2}</arg>
<doc>Adds ``values`` to the end of ``list``.</doc>
<status status="NOT RUN" start="2024-04-22T12:10:21.299801" elapsed="0.000000"/>
</kw>
<status status="NOT RUN" start="2024-04-22T12:10:21.298762" elapsed="0.001039"/>
</branch>
<status status="NOT RUN" start="2024-04-22T12:10:21.298762" elapsed="0.001039"/>
</if>
<status status="NOT RUN" start="2024-04-22T12:10:21.298762" elapsed="0.001039"/>
</branch>
<status status="PASS" start="2024-04-22T12:10:21.298762" elapsed="0.001039"/>
</if>
<var name="${item2}">6</var>
<status status="PASS" start="2024-04-22T12:10:21.298762" elapsed="0.001039"/>
</iter>
<iter>
<if>
<branch type="IF" condition="'${item1}' == '${item2}'">
<kw name="Run Keyword And Return Status" owner="BuiltIn">
<var>${status}</var>
<arg>Collections.List Should Contain Value</arg>
<arg>${list_new}</arg>
<arg>${item2}</arg>
<doc>Runs the given keyword with given arguments and returns the status as a Boolean value.</doc>
<status status="NOT RUN" start="2024-04-22T12:10:21.300755" elapsed="0.000000"/>
</kw>
<if>
<branch type="IF" condition="'${status}' != 'True'">
<kw name="Append To List" owner="Collections">
<arg>${list_new}</arg>
<arg>${item2}</arg>
<doc>Adds ``values`` to the end of ``list``.</doc>
<status status="NOT RUN" start="2024-04-22T12:10:21.300755" elapsed="0.000000"/>
</kw>
<status status="NOT RUN" start="2024-04-22T12:10:21.300755" elapsed="0.000000"/>
</branch>
<status status="NOT RUN" start="2024-04-22T12:10:21.300755" elapsed="0.000000"/>
</if>
<status status="NOT RUN" start="2024-04-22T12:10:21.299801" elapsed="0.000954"/>
</branch>
<status status="PASS" start="2024-04-22T12:10:21.299801" elapsed="0.001951"/>
</if>
<var name="${item2}">0</var>
<status status="PASS" start="2024-04-22T12:10:21.299801" elapsed="0.002133"/>
</iter>
<var>${item2}</var>
<value>@{list_2}</value>
<status status="PASS" start="2024-04-22T12:10:21.289785" elapsed="0.012149"/>
</for>
<var name="${item1}">3</var>
<status status="PASS" start="2024-04-22T12:10:21.289785" elapsed="0.012149"/>
</iter>
<iter>
<for flavor="IN">
<iter>
<if>
<branch type="IF" condition="'${item1}' == '${item2}'">
<kw name="Run Keyword And Return Status" owner="BuiltIn">
<var>${status}</var>
<arg>Collections.List Should Contain Value</arg>
<arg>${list_new}</arg>
<arg>${item2}</arg>
<doc>Runs the given keyword with given arguments and returns the status as a Boolean value.</doc>
<status status="NOT RUN" start="2024-04-22T12:10:21.302930" elapsed="0.000000"/>
</kw>
<if>
<branch type="IF" condition="'${status}' != 'True'">
<kw name="Append To List" owner="Collections">
<arg>${list_new}</arg>
<arg>${item2}</arg>
<doc>Adds ``values`` to the end of ``list``.</doc>
<status status="NOT RUN" start="2024-04-22T12:10:21.302930" elapsed="0.001000"/>
</kw>
<status status="NOT RUN" start="2024-04-22T12:10:21.302930" elapsed="0.001000"/>
</branch>
<status status="NOT RUN" start="2024-04-22T12:10:21.302930" elapsed="0.001000"/>
</if>
<status status="NOT RUN" start="2024-04-22T12:10:21.302930" elapsed="0.001000"/>
</branch>
<status status="PASS" start="2024-04-22T12:10:21.302930" elapsed="0.001000"/>
</if>
<var name="${item2}">3</var>
<status status="PASS" start="2024-04-22T12:10:21.302930" elapsed="0.001000"/>
</iter>
<iter>
<if>
<branch type="IF" condition="'${item1}' == '${item2}'">
<kw name="Run Keyword And Return Status" owner="BuiltIn">
<var>${status}</var>
<arg>Collections.List Should Contain Value</arg>
<arg>${list_new}</arg>
<arg>${item2}</arg>
<doc>Runs the given keyword with given arguments and returns the status as a Boolean value.</doc>
<status status="NOT RUN" start="2024-04-22T12:10:21.304928" elapsed="0.000000"/>
</kw>
<if>
<branch type="IF" condition="'${status}' != 'True'">
<kw name="Append To List" owner="Collections">
<arg>${list_new}</arg>
<arg>${item2}</arg>
<doc>Adds ``values`` to the end of ``list``.</doc>
<status status="NOT RUN" start="2024-04-22T12:10:21.304928" elapsed="0.000000"/>
</kw>
<status status="NOT RUN" start="2024-04-22T12:10:21.304928" elapsed="0.000000"/>
</branch>
<status status="NOT RUN" start="2024-04-22T12:10:21.304928" elapsed="0.000000"/>
</if>
<status status="NOT RUN" start="2024-04-22T12:10:21.303930" elapsed="0.000998"/>
</branch>
<status status="PASS" start="2024-04-22T12:10:21.303930" elapsed="0.000998"/>
</if>
<var name="${item2}">2</var>
<status status="PASS" start="2024-04-22T12:10:21.303930" elapsed="0.000998"/>
</iter>
<iter>
<if>
<branch type="IF" condition="'${item1}' == '${item2}'">
<kw name="Run Keyword And Return Status" owner="BuiltIn">
<var>${status}</var>
<arg>Collections.List Should Contain Value</arg>
<arg>${list_new}</arg>
<arg>${item2}</arg>
<doc>Runs the given keyword with given arguments and returns the status as a Boolean value.</doc>
<status status="NOT RUN" start="2024-04-22T12:10:21.305923" elapsed="0.000000"/>
</kw>
<if>
<branch type="IF" condition="'${status}' != 'True'">
<kw name="Append To List" owner="Collections">
<arg>${list_new}</arg>
<arg>${item2}</arg>
<doc>Adds ``values`` to the end of ``list``.</doc>
<status status="NOT RUN" start="2024-04-22T12:10:21.306921" elapsed="0.000000"/>
</kw>
<status status="NOT RUN" start="2024-04-22T12:10:21.305923" elapsed="0.000998"/>
</branch>
<status status="NOT RUN" start="2024-04-22T12:10:21.305923" elapsed="0.000998"/>
</if>
<status status="NOT RUN" start="2024-04-22T12:10:21.305923" elapsed="0.000998"/>
</branch>
<status status="PASS" start="2024-04-22T12:10:21.305923" elapsed="0.000998"/>
</if>
<var name="${item2}">1</var>
<status status="PASS" start="2024-04-22T12:10:21.305923" elapsed="0.000998"/>
</iter>
<iter>
<if>
<branch type="IF" condition="'${item1}' == '${item2}'">
<kw name="Run Keyword And Return Status" owner="BuiltIn">
<kw name="List Should Contain Value" owner="Collections">
<msg time="2024-04-22T12:10:21.308915" level="INFO">False</msg>
<msg time="2024-04-22T12:10:21.308915" level="FAIL">[ 1 | 2 | 3 ] does not contain value '5'.</msg>
<arg>${list_new}</arg>
<arg>${item2}</arg>
<doc>Fails if the ``value`` is not found from ``list``.</doc>
<status status="FAIL" start="2024-04-22T12:10:21.307918" elapsed="0.000997">[ 1 | 2 | 3 ] does not contain value '5'.</status>
</kw>
<msg time="2024-04-22T12:10:21.308915" level="INFO">${status} = False</msg>
<var>${status}</var>
<arg>Collections.List Should Contain Value</arg>
<arg>${list_new}</arg>
<arg>${item2}</arg>
<doc>Runs the given keyword with given arguments and returns the status as a Boolean value.</doc>
<status status="PASS" start="2024-04-22T12:10:21.307918" elapsed="0.000997"/>
</kw>
<if>
<branch type="IF" condition="'${status}' != 'True'">
<kw name="Append To List" owner="Collections">
<arg>${list_new}</arg>
<arg>${item2}</arg>
<doc>Adds ``values`` to the end of ``list``.</doc>
<status status="PASS" start="2024-04-22T12:10:21.309912" elapsed="0.000000"/>
</kw>
<status status="PASS" start="2024-04-22T12:10:21.308915" elapsed="0.000997"/>
</branch>
<status status="PASS" start="2024-04-22T12:10:21.308915" elapsed="0.000997"/>
</if>
<status status="PASS" start="2024-04-22T12:10:21.306921" elapsed="0.002991"/>
</branch>
<status status="PASS" start="2024-04-22T12:10:21.306921" elapsed="0.002991"/>
</if>
<var name="${item2}">5</var>
<status status="PASS" start="2024-04-22T12:10:21.306921" elapsed="0.002991"/>
</iter>
<iter>
<if>
<branch type="IF" condition="'${item1}' == '${item2}'">
<kw name="Run Keyword And Return Status" owner="BuiltIn">
<var>${status}</var>
<arg>Collections.List Should Contain Value</arg>
<arg>${list_new}</arg>
<arg>${item2}</arg>
<doc>Runs the given keyword with given arguments and returns the status as a Boolean value.</doc>
<status status="NOT RUN" start="2024-04-22T12:10:21.310909" elapsed="0.000000"/>
</kw>
<if>
<branch type="IF" condition="'${status}' != 'True'">
<kw name="Append To List" owner="Collections">
<arg>${list_new}</arg>
<arg>${item2}</arg>
<doc>Adds ``values`` to the end of ``list``.</doc>
<status status="NOT RUN" start="2024-04-22T12:10:21.310909" elapsed="0.000000"/>
</kw>
<status status="NOT RUN" start="2024-04-22T12:10:21.310909" elapsed="0.000997"/>
</branch>
<status status="NOT RUN" start="2024-04-22T12:10:21.310909" elapsed="0.000997"/>
</if>
<status status="NOT RUN" start="2024-04-22T12:10:21.310909" elapsed="0.000997"/>
</branch>
<status status="PASS" start="2024-04-22T12:10:21.310909" elapsed="0.000997"/>
</if>
<var name="${item2}">6</var>
<status status="PASS" start="2024-04-22T12:10:21.309912" elapsed="0.001994"/>
</iter>
<iter>
<if>
<branch type="IF" condition="'${item1}' == '${item2}'">
<kw name="Run Keyword And Return Status" owner="BuiltIn">
<var>${status}</var>
<arg>Collections.List Should Contain Value</arg>
<arg>${list_new}</arg>
<arg>${item2}</arg>
<doc>Runs the given keyword with given arguments and returns the status as a Boolean value.</doc>
<status status="NOT RUN" start="2024-04-22T12:10:21.312906" elapsed="0.000000"/>
</kw>
<if>
<branch type="IF" condition="'${status}' != 'True'">
<kw name="Append To List" owner="Collections">
<arg>${list_new}</arg>
<arg>${item2}</arg>
<doc>Adds ``values`` to the end of ``list``.</doc>
<status status="NOT RUN" start="2024-04-22T12:10:21.312906" elapsed="0.000000"/>
</kw>
<status status="NOT RUN" start="2024-04-22T12:10:21.312906" elapsed="0.000000"/>
</branch>
<status status="NOT RUN" start="2024-04-22T12:10:21.312906" elapsed="0.000000"/>
</if>
<status status="NOT RUN" start="2024-04-22T12:10:21.311906" elapsed="0.001000"/>
</branch>
<status status="PASS" start="2024-04-22T12:10:21.311906" elapsed="0.001000"/>
</if>
<var name="${item2}">0</var>
<status status="PASS" start="2024-04-22T12:10:21.311906" elapsed="0.001000"/>
</iter>
<var>${item2}</var>
<value>@{list_2}</value>
<status status="PASS" start="2024-04-22T12:10:21.301934" elapsed="0.010972"/>
</for>
<var name="${item1}">5</var>
<status status="PASS" start="2024-04-22T12:10:21.301934" elapsed="0.011967"/>
</iter>
<iter>
<for flavor="IN">
<iter>
<if>
<branch type="IF" condition="'${item1}' == '${item2}'">
<kw name="Run Keyword And Return Status" owner="BuiltIn">
<var>${status}</var>
<arg>Collections.List Should Contain Value</arg>
<arg>${list_new}</arg>
<arg>${item2}</arg>
<doc>Runs the given keyword with given arguments and returns the status as a Boolean value.</doc>
<status status="NOT RUN" start="2024-04-22T12:10:21.314898" elapsed="0.000000"/>
</kw>
<if>
<branch type="IF" condition="'${status}' != 'True'">
<kw name="Append To List" owner="Collections">
<arg>${list_new}</arg>
<arg>${item2}</arg>
<doc>Adds ``values`` to the end of ``list``.</doc>
<status status="NOT RUN" start="2024-04-22T12:10:21.314898" elapsed="0.000000"/>
</kw>
<status status="NOT RUN" start="2024-04-22T12:10:21.314898" elapsed="0.000000"/>
</branch>
<status status="NOT RUN" start="2024-04-22T12:10:21.314898" elapsed="0.000000"/>
</if>
<status status="NOT RUN" start="2024-04-22T12:10:21.313901" elapsed="0.000997"/>
</branch>
<status status="PASS" start="2024-04-22T12:10:21.313901" elapsed="0.000997"/>
</if>
<var name="${item2}">3</var>
<status status="PASS" start="2024-04-22T12:10:21.313901" elapsed="0.000997"/>
</iter>
<iter>
<if>
<branch type="IF" condition="'${item1}' == '${item2}'">
<kw name="Run Keyword And Return Status" owner="BuiltIn">
<var>${status}</var>
<arg>Collections.List Should Contain Value</arg>
<arg>${list_new}</arg>
<arg>${item2}</arg>
<doc>Runs the given keyword with given arguments and returns the status as a Boolean value.</doc>
<status status="NOT RUN" start="2024-04-22T12:10:21.315896" elapsed="0.000000"/>
</kw>
<if>
<branch type="IF" condition="'${status}' != 'True'">
<kw name="Append To List" owner="Collections">
<arg>${list_new}</arg>
<arg>${item2}</arg>
<doc>Adds ``values`` to the end of ``list``.</doc>
<status status="NOT RUN" start="2024-04-22T12:10:21.316895" elapsed="0.000000"/>
</kw>
<status status="NOT RUN" start="2024-04-22T12:10:21.316895" elapsed="0.000000"/>
</branch>
<status status="NOT RUN" start="2024-04-22T12:10:21.315896" elapsed="0.000999"/>
</if>
<status status="NOT RUN" start="2024-04-22T12:10:21.315896" elapsed="0.000999"/>
</branch>
<status status="PASS" start="2024-04-22T12:10:21.315896" elapsed="0.000999"/>
</if>
<var name="${item2}">2</var>
<status status="PASS" start="2024-04-22T12:10:21.315896" elapsed="0.000999"/>
</iter>
<iter>
<if>
<branch type="IF" condition="'${item1}' == '${item2}'">
<kw name="Run Keyword And Return Status" owner="BuiltIn">
<var>${status}</var>
<arg>Collections.List Should Contain Value</arg>
<arg>${list_new}</arg>
<arg>${item2}</arg>
<doc>Runs the given keyword with given arguments and returns the status as a Boolean value.</doc>
<status status="NOT RUN" start="2024-04-22T12:10:21.317890" elapsed="0.000000"/>
</kw>
<if>
<branch type="IF" condition="'${status}' != 'True'">
<kw name="Append To List" owner="Collections">
<arg>${list_new}</arg>
<arg>${item2}</arg>
<doc>Adds ``values`` to the end of ``list``.</doc>
<status status="NOT RUN" start="2024-04-22T12:10:21.317890" elapsed="0.000000"/>
</kw>
<status status="NOT RUN" start="2024-04-22T12:10:21.317890" elapsed="0.000000"/>
</branch>
<status status="NOT RUN" start="2024-04-22T12:10:21.317890" elapsed="0.000000"/>
</if>
<status status="NOT RUN" start="2024-04-22T12:10:21.316895" elapsed="0.000995"/>
</branch>
<status status="PASS" start="2024-04-22T12:10:21.316895" elapsed="0.001994"/>
</if>
<var name="${item2}">1</var>
<status status="PASS" start="2024-04-22T12:10:21.316895" elapsed="0.001994"/>
</iter>
<iter>
<if>
<branch type="IF" condition="'${item1}' == '${item2}'">
<kw name="Run Keyword And Return Status" owner="BuiltIn">
<var>${status}</var>
<arg>Collections.List Should Contain Value</arg>
<arg>${list_new}</arg>
<arg>${item2}</arg>
<doc>Runs the given keyword with given arguments and returns the status as a Boolean value.</doc>
<status status="NOT RUN" start="2024-04-22T12:10:21.318889" elapsed="0.000000"/>
</kw>
<if>
<branch type="IF" condition="'${status}' != 'True'">
<kw name="Append To List" owner="Collections">
<arg>${list_new}</arg>
<arg>${item2}</arg>
<doc>Adds ``values`` to the end of ``list``.</doc>
<status status="NOT RUN" start="2024-04-22T12:10:21.319885" elapsed="0.000000"/>
</kw>
<status status="NOT RUN" start="2024-04-22T12:10:21.319885" elapsed="0.000000"/>
</branch>
<status status="NOT RUN" start="2024-04-22T12:10:21.319885" elapsed="0.000000"/>
</if>
<status status="NOT RUN" start="2024-04-22T12:10:21.318889" elapsed="0.000996"/>
</branch>
<status status="PASS" start="2024-04-22T12:10:21.318889" elapsed="0.000996"/>
</if>
<var name="${item2}">5</var>
<status status="PASS" start="2024-04-22T12:10:21.318889" elapsed="0.000996"/>
</iter>
<iter>
<if>
<branch type="IF" condition="'${item1}' == '${item2}'">
<kw name="Run Keyword And Return Status" owner="BuiltIn">
<kw name="List Should Contain Value" owner="Collections">
<msg time="2024-04-22T12:10:21.320883" level="INFO">False</msg>
<msg time="2024-04-22T12:10:21.321880" level="FAIL">[ 1 | 2 | 3 | 5 ] does not contain value '6'.</msg>
<arg>${list_new}</arg>
<arg>${item2}</arg>
<doc>Fails if the ``value`` is not found from ``list``.</doc>
<status status="FAIL" start="2024-04-22T12:10:21.320883" elapsed="0.001136">[ 1 | 2 | 3 | 5 ] does not contain value '6'.</status>
</kw>
<msg time="2024-04-22T12:10:21.322019" level="INFO">${status} = False</msg>
<var>${status}</var>
<arg>Collections.List Should Contain Value</arg>
<arg>${list_new}</arg>
<arg>${item2}</arg>
<doc>Runs the given keyword with given arguments and returns the status as a Boolean value.</doc>
<status status="PASS" start="2024-04-22T12:10:21.320883" elapsed="0.001136"/>
</kw>
<if>
<branch type="IF" condition="'${status}' != 'True'">
<kw name="Append To List" owner="Collections">
<arg>${list_new}</arg>
<arg>${item2}</arg>
<doc>Adds ``values`` to the end of ``list``.</doc>
<status status="PASS" start="2024-04-22T12:10:21.322019" elapsed="0.000998"/>
</kw>
<status status="PASS" start="2024-04-22T12:10:21.322019" elapsed="0.000998"/>
</branch>
<status status="PASS" start="2024-04-22T12:10:21.322019" elapsed="0.000998"/>
</if>
<status status="PASS" start="2024-04-22T12:10:21.319885" elapsed="0.003132"/>
</branch>
<status status="PASS" start="2024-04-22T12:10:21.319885" elapsed="0.003132"/>
</if>
<var name="${item2}">6</var>
<status status="PASS" start="2024-04-22T12:10:21.319885" elapsed="0.003132"/>
</iter>
<iter>
<if>
<branch type="IF" condition="'${item1}' == '${item2}'">
<kw name="Run Keyword And Return Status" owner="BuiltIn">
<var>${status}</var>
<arg>Collections.List Should Contain Value</arg>
<arg>${list_new}</arg>
<arg>${item2}</arg>
<doc>Runs the given keyword with given arguments and returns the status as a Boolean value.</doc>
<status status="NOT RUN" start="2024-04-22T12:10:21.324015" elapsed="0.000000"/>
</kw>
<if>
<branch type="IF" condition="'${status}' != 'True'">
<kw name="Append To List" owner="Collections">
<arg>${list_new}</arg>
<arg>${item2}</arg>
<doc>Adds ``values`` to the end of ``list``.</doc>
<status status="NOT RUN" start="2024-04-22T12:10:21.324015" elapsed="0.000000"/>
</kw>
<status status="NOT RUN" start="2024-04-22T12:10:21.324015" elapsed="0.000000"/>
</branch>
<status status="NOT RUN" start="2024-04-22T12:10:21.324015" elapsed="0.000000"/>
</if>
<status status="NOT RUN" start="2024-04-22T12:10:21.323017" elapsed="0.000998"/>
</branch>
<status status="PASS" start="2024-04-22T12:10:21.323017" elapsed="0.000998"/>
</if>
<var name="${item2}">0</var>
<status status="PASS" start="2024-04-22T12:10:21.323017" elapsed="0.000998"/>
</iter>
<var>${item2}</var>
<value>@{list_2}</value>
<status status="PASS" start="2024-04-22T12:10:21.313901" elapsed="0.011110"/>
</for>
<var name="${item1}">6</var>
<status status="PASS" start="2024-04-22T12:10:21.313901" elapsed="0.011110"/>
</iter>
<iter>
<for flavor="IN">
<iter>
<if>
<branch type="IF" condition="'${item1}' == '${item2}'">
<kw name="Run Keyword And Return Status" owner="BuiltIn">
<var>${status}</var>
<arg>Collections.List Should Contain Value</arg>
<arg>${list_new}</arg>
<arg>${item2}</arg>
<doc>Runs the given keyword with given arguments and returns the status as a Boolean value.</doc>
<status status="NOT RUN" start="2024-04-22T12:10:21.326008" elapsed="0.000000"/>
</kw>
<if>
<branch type="IF" condition="'${status}' != 'True'">
<kw name="Append To List" owner="Collections">
<arg>${list_new}</arg>
<arg>${item2}</arg>
<doc>Adds ``values`` to the end of ``list``.</doc>
<status status="NOT RUN" start="2024-04-22T12:10:21.327006" elapsed="0.000000"/>
</kw>
<status status="NOT RUN" start="2024-04-22T12:10:21.326008" elapsed="0.000998"/>
</branch>
<status status="NOT RUN" start="2024-04-22T12:10:21.326008" elapsed="0.000998"/>
</if>
<status status="NOT RUN" start="2024-04-22T12:10:21.326008" elapsed="0.000998"/>
</branch>
<status status="PASS" start="2024-04-22T12:10:21.326008" elapsed="0.000998"/>
</if>
<var name="${item2}">3</var>
<status status="PASS" start="2024-04-22T12:10:21.325011" elapsed="0.001995"/>
</iter>
<iter>
<if>
<branch type="IF" condition="'${item1}' == '${item2}'">
<kw name="Run Keyword And Return Status" owner="BuiltIn">
<var>${status}</var>
<arg>Collections.List Should Contain Value</arg>
<arg>${list_new}</arg>
<arg>${item2}</arg>
<doc>Runs the given keyword with given arguments and returns the status as a Boolean value.</doc>
<status status="NOT RUN" start="2024-04-22T12:10:21.328003" elapsed="0.000000"/>
</kw>
<if>
<branch type="IF" condition="'${status}' != 'True'">
<kw name="Append To List" owner="Collections">
<arg>${list_new}</arg>
<arg>${item2}</arg>
<doc>Adds ``values`` to the end of ``list``.</doc>
<status status="NOT RUN" start="2024-04-22T12:10:21.328003" elapsed="0.000000"/>
</kw>
<status status="NOT RUN" start="2024-04-22T12:10:21.328003" elapsed="0.000000"/>
</branch>
<status status="NOT RUN" start="2024-04-22T12:10:21.328003" elapsed="0.000000"/>
</if>
<status status="NOT RUN" start="2024-04-22T12:10:21.327006" elapsed="0.000997"/>
</branch>
<status status="PASS" start="2024-04-22T12:10:21.327006" elapsed="0.000997"/>
</if>
<var name="${item2}">2</var>
<status status="PASS" start="2024-04-22T12:10:21.327006" elapsed="0.001994"/>
</iter>
<iter>
<if>
<branch type="IF" condition="'${item1}' == '${item2}'">
<kw name="Run Keyword And Return Status" owner="BuiltIn">
<var>${status}</var>
<arg>Collections.List Should Contain Value</arg>
<arg>${list_new}</arg>
<arg>${item2}</arg>
<doc>Runs the given keyword with given arguments and returns the status as a Boolean value.</doc>
<status status="NOT RUN" start="2024-04-22T12:10:21.329000" elapsed="0.000000"/>
</kw>
<if>
<branch type="IF" condition="'${status}' != 'True'">
<kw name="Append To List" owner="Collections">
<arg>${list_new}</arg>
<arg>${item2}</arg>
<doc>Adds ``values`` to the end of ``list``.</doc>
<status status="NOT RUN" start="2024-04-22T12:10:21.329998" elapsed="0.000000"/>
</kw>
<status status="NOT RUN" start="2024-04-22T12:10:21.329998" elapsed="0.000000"/>
</branch>
<status status="NOT RUN" start="2024-04-22T12:10:21.329000" elapsed="0.000998"/>
</if>
<status status="NOT RUN" start="2024-04-22T12:10:21.329000" elapsed="0.000998"/>
</branch>
<status status="PASS" start="2024-04-22T12:10:21.329000" elapsed="0.000998"/>
</if>
<var name="${item2}">1</var>
<status status="PASS" start="2024-04-22T12:10:21.329000" elapsed="0.000998"/>
</iter>
<iter>
<if>
<branch type="IF" condition="'${item1}' == '${item2}'">
<kw name="Run Keyword And Return Status" owner="BuiltIn">
<var>${status}</var>
<arg>Collections.List Should Contain Value</arg>
<arg>${list_new}</arg>
<arg>${item2}</arg>
<doc>Runs the given keyword with given arguments and returns the status as a Boolean value.</doc>
<status status="NOT RUN" start="2024-04-22T12:10:21.330995" elapsed="0.000000"/>
</kw>
<if>
<branch type="IF" condition="'${status}' != 'True'">
<kw name="Append To List" owner="Collections">
<arg>${list_new}</arg>
<arg>${item2}</arg>
<doc>Adds ``values`` to the end of ``list``.</doc>
<status status="NOT RUN" start="2024-04-22T12:10:21.330995" elapsed="0.000000"/>
</kw>
<status status="NOT RUN" start="2024-04-22T12:10:21.330995" elapsed="0.000000"/>
</branch>
<status status="NOT RUN" start="2024-04-22T12:10:21.330995" elapsed="0.000000"/>
</if>
<status status="NOT RUN" start="2024-04-22T12:10:21.329998" elapsed="0.000997"/>
</branch>
<status status="PASS" start="2024-04-22T12:10:21.329998" elapsed="0.001995"/>
</if>
<var name="${item2}">5</var>
<status status="PASS" start="2024-04-22T12:10:21.329998" elapsed="0.002062"/>
</iter>
<iter>
<if>
<branch type="IF" condition="'${item1}' == '${item2}'">
<kw name="Run Keyword And Return Status" owner="BuiltIn">
<var>${status}</var>
<arg>Collections.List Should Contain Value</arg>
<arg>${list_new}</arg>
<arg>${item2}</arg>
<doc>Runs the given keyword with given arguments and returns the status as a Boolean value.</doc>
<status status="NOT RUN" start="2024-04-22T12:10:21.332195" elapsed="0.000000"/>
</kw>
<if>
<branch type="IF" condition="'${status}' != 'True'">
<kw name="Append To List" owner="Collections">
<arg>${list_new}</arg>
<arg>${item2}</arg>
<doc>Adds ``values`` to the end of ``list``.</doc>
<status status="NOT RUN" start="2024-04-22T12:10:21.333193" elapsed="0.000000"/>
</kw>
<status status="NOT RUN" start="2024-04-22T12:10:21.332195" elapsed="0.000998"/>
</branch>
<status status="NOT RUN" start="2024-04-22T12:10:21.332195" elapsed="0.000998"/>
</if>
<status status="NOT RUN" start="2024-04-22T12:10:21.332195" elapsed="0.000998"/>
</branch>
<status status="PASS" start="2024-04-22T12:10:21.332195" elapsed="0.000998"/>
</if>
<var name="${item2}">6</var>
<status status="PASS" start="2024-04-22T12:10:21.332195" elapsed="0.000998"/>
</iter>
<iter>
<if>
<branch type="IF" condition="'${item1}' == '${item2}'">
<kw name="Run Keyword And Return Status" owner="BuiltIn">
<var>${status}</var>
<arg>Collections.List Should Contain Value</arg>
<arg>${list_new}</arg>
<arg>${item2}</arg>
<doc>Runs the given keyword with given arguments and returns the status as a Boolean value.</doc>
<status status="NOT RUN" start="2024-04-22T12:10:21.334190" elapsed="0.000000"/>
</kw>
<if>
<branch type="IF" condition="'${status}' != 'True'">
<kw name="Append To List" owner="Collections">
<arg>${list_new}</arg>
<arg>${item2}</arg>
<doc>Adds ``values`` to the end of ``list``.</doc>
<status status="NOT RUN" start="2024-04-22T12:10:21.334190" elapsed="0.000000"/>
</kw>
<status status="NOT RUN" start="2024-04-22T12:10:21.334190" elapsed="0.000000"/>
</branch>
<status status="NOT RUN" start="2024-04-22T12:10:21.334190" elapsed="0.000000"/>
</if>
<status status="NOT RUN" start="2024-04-22T12:10:21.333193" elapsed="0.000997"/>
</branch>
<status status="PASS" start="2024-04-22T12:10:21.333193" elapsed="0.000997"/>
</if>
<var name="${item2}">0</var>
<status status="PASS" start="2024-04-22T12:10:21.333193" elapsed="0.000997"/>
</iter>
<var>${item2}</var>
<value>@{list_2}</value>
<status status="PASS" start="2024-04-22T12:10:21.325011" elapsed="0.009179"/>
</for>
<var name="${item1}">8</var>
<status status="PASS" start="2024-04-22T12:10:21.325011" elapsed="0.010177"/>
</iter>
<iter>
<for flavor="IN">
<iter>
<if>
<branch type="IF" condition="'${item1}' == '${item2}'">
<kw name="Run Keyword And Return Status" owner="BuiltIn">
<var>${status}</var>
<arg>Collections.List Should Contain Value</arg>
<arg>${list_new}</arg>
<arg>${item2}</arg>
<doc>Runs the given keyword with given arguments and returns the status as a Boolean value.</doc>
<status status="NOT RUN" start="2024-04-22T12:10:21.336185" elapsed="0.000000"/>
</kw>
<if>
<branch type="IF" condition="'${status}' != 'True'">
<kw name="Append To List" owner="Collections">
<arg>${list_new}</arg>
<arg>${item2}</arg>
<doc>Adds ``values`` to the end of ``list``.</doc>
<status status="NOT RUN" start="2024-04-22T12:10:21.336185" elapsed="0.000000"/>
</kw>
<status status="NOT RUN" start="2024-04-22T12:10:21.336185" elapsed="0.000000"/>
</branch>
<status status="NOT RUN" start="2024-04-22T12:10:21.336185" elapsed="0.000000"/>
</if>
<status status="NOT RUN" start="2024-04-22T12:10:21.335188" elapsed="0.000997"/>
</branch>
<status status="PASS" start="2024-04-22T12:10:21.335188" elapsed="0.001994"/>
</if>
<var name="${item2}">3</var>
<status status="PASS" start="2024-04-22T12:10:21.335188" elapsed="0.001994"/>
</iter>
<iter>
<if>
<branch type="IF" condition="'${item1}' == '${item2}'">
<kw name="Run Keyword And Return Status" owner="BuiltIn">
<var>${status}</var>
<arg>Collections.List Should Contain Value</arg>
<arg>${list_new}</arg>
<arg>${item2}</arg>
<doc>Runs the given keyword with given arguments and returns the status as a Boolean value.</doc>
<status status="NOT RUN" start="2024-04-22T12:10:21.337182" elapsed="0.000000"/>
</kw>
<if>
<branch type="IF" condition="'${status}' != 'True'">
<kw name="Append To List" owner="Collections">
<arg>${list_new}</arg>
<arg>${item2}</arg>
<doc>Adds ``values`` to the end of ``list``.</doc>
<status status="NOT RUN" start="2024-04-22T12:10:21.338180" elapsed="0.000000"/>
</kw>
<status status="NOT RUN" start="2024-04-22T12:10:21.338180" elapsed="0.000000"/>
</branch>
<status status="NOT RUN" start="2024-04-22T12:10:21.338180" elapsed="0.000000"/>
</if>
<status status="NOT RUN" start="2024-04-22T12:10:21.337182" elapsed="0.000998"/>
</branch>
<status status="PASS" start="2024-04-22T12:10:21.337182" elapsed="0.000998"/>
</if>
<var name="${item2}">2</var>
<status status="PASS" start="2024-04-22T12:10:21.337182" elapsed="0.000998"/>
</iter>
<iter>
<if>
<branch type="IF" condition="'${item1}' == '${item2}'">
<kw name="Run Keyword And Return Status" owner="BuiltIn">
<var>${status}</var>
<arg>Collections.List Should Contain Value</arg>
<arg>${list_new}</arg>
<arg>${item2}</arg>
<doc>Runs the given keyword with given arguments and returns the status as a Boolean value.</doc>
<status status="NOT RUN" start="2024-04-22T12:10:21.339177" elapsed="0.000000"/>
</kw>
<if>
<branch type="IF" condition="'${status}' != 'True'">
<kw name="Append To List" owner="Collections">
<arg>${list_new}</arg>
<arg>${item2}</arg>
<doc>Adds ``values`` to the end of ``list``.</doc>
<status status="NOT RUN" start="2024-04-22T12:10:21.339177" elapsed="0.000000"/>
</kw>
<status status="NOT RUN" start="2024-04-22T12:10:21.339177" elapsed="0.000000"/>
</branch>
<status status="NOT RUN" start="2024-04-22T12:10:21.339177" elapsed="0.000000"/>
</if>
<status status="NOT RUN" start="2024-04-22T12:10:21.338180" elapsed="0.001994"/>
</branch>
<status status="PASS" start="2024-04-22T12:10:21.338180" elapsed="0.001994"/>
</if>
<var name="${item2}">1</var>
<status status="PASS" start="2024-04-22T12:10:21.338180" elapsed="0.001994"/>
</iter>
<iter>
<if>
<branch type="IF" condition="'${item1}' == '${item2}'">
<kw name="Run Keyword And Return Status" owner="BuiltIn">
<var>${status}</var>
<arg>Collections.List Should Contain Value</arg>
<arg>${list_new}</arg>
<arg>${item2}</arg>
<doc>Runs the given keyword with given arguments and returns the status as a Boolean value.</doc>
<status status="NOT RUN" start="2024-04-22T12:10:21.340174" elapsed="0.000000"/>
</kw>
<if>
<branch type="IF" condition="'${status}' != 'True'">
<kw name="Append To List" owner="Collections">
<arg>${list_new}</arg>
<arg>${item2}</arg>
<doc>Adds ``values`` to the end of ``list``.</doc>
<status status="NOT RUN" start="2024-04-22T12:10:21.341173" elapsed="0.000000"/>
</kw>
<status status="NOT RUN" start="2024-04-22T12:10:21.341173" elapsed="0.000000"/>
</branch>
<status status="NOT RUN" start="2024-04-22T12:10:21.341173" elapsed="0.000000"/>
</if>
<status status="NOT RUN" start="2024-04-22T12:10:21.340174" elapsed="0.000999"/>
</branch>
<status status="PASS" start="2024-04-22T12:10:21.340174" elapsed="0.000999"/>
</if>
<var name="${item2}">5</var>
<status status="PASS" start="2024-04-22T12:10:21.340174" elapsed="0.000999"/>
</iter>
<iter>
<if>
<branch type="IF" condition="'${item1}' == '${item2}'">
<kw name="Run Keyword And Return Status" owner="BuiltIn">
<var>${status}</var>
<arg>Collections.List Should Contain Value</arg>
<arg>${list_new}</arg>
<arg>${item2}</arg>
<doc>Runs the given keyword with given arguments and returns the status as a Boolean value.</doc>
<status status="NOT RUN" start="2024-04-22T12:10:21.342389" elapsed="0.000000"/>
</kw>
<if>
<branch type="IF" condition="'${status}' != 'True'">
<kw name="Append To List" owner="Collections">
<arg>${list_new}</arg>
<arg>${item2}</arg>
<doc>Adds ``values`` to the end of ``list``.</doc>
<status status="NOT RUN" start="2024-04-22T12:10:21.342389" elapsed="0.000000"/>
</kw>
<status status="NOT RUN" start="2024-04-22T12:10:21.342389" elapsed="0.000000"/>
</branch>
<status status="NOT RUN" start="2024-04-22T12:10:21.342389" elapsed="0.000000"/>
</if>
<status status="NOT RUN" start="2024-04-22T12:10:21.342170" elapsed="0.000219"/>
</branch>
<status status="PASS" start="2024-04-22T12:10:21.342170" elapsed="0.000219"/>
</if>
<var name="${item2}">6</var>
<status status="PASS" start="2024-04-22T12:10:21.341173" elapsed="0.001216"/>
</iter>
<iter>
<if>
<branch type="IF" condition="'${item1}' == '${item2}'">
<kw name="Run Keyword And Return Status" owner="BuiltIn">
<var>${status}</var>
<arg>Collections.List Should Contain Value</arg>
<arg>${list_new}</arg>
<arg>${item2}</arg>
<doc>Runs the given keyword with given arguments and returns the status as a Boolean value.</doc>
<status status="NOT RUN" start="2024-04-22T12:10:21.343388" elapsed="0.000000"/>
</kw>
<if>
<branch type="IF" condition="'${status}' != 'True'">
<kw name="Append To List" owner="Collections">
<arg>${list_new}</arg>
<arg>${item2}</arg>
<doc>Adds ``values`` to the end of ``list``.</doc>
<status status="NOT RUN" start="2024-04-22T12:10:21.344385" elapsed="0.000000"/>
</kw>
<status status="NOT RUN" start="2024-04-22T12:10:21.343388" elapsed="0.000997"/>
</branch>
<status status="NOT RUN" start="2024-04-22T12:10:21.343388" elapsed="0.000997"/>
</if>
<status status="NOT RUN" start="2024-04-22T12:10:21.343388" elapsed="0.000997"/>
</branch>
<status status="PASS" start="2024-04-22T12:10:21.343388" elapsed="0.000997"/>
</if>
<var name="${item2}">0</var>
<status status="PASS" start="2024-04-22T12:10:21.343388" elapsed="0.000997"/>
</iter>
<var>${item2}</var>
<value>@{list_2}</value>
<status status="PASS" start="2024-04-22T12:10:21.335188" elapsed="0.009197"/>
</for>
<var name="${item1}">9</var>
<status status="PASS" start="2024-04-22T12:10:21.335188" elapsed="0.009197"/>
</iter>
<var>${item1}</var>
<value>@{list_1}</value>
<status status="PASS" start="2024-04-22T12:10:21.263666" elapsed="0.080719"/>
</for>
<return>
<value>${list_new}</value>
<status status="PASS" start="2024-04-22T12:10:21.344385" elapsed="0.000000"/>
</return>
<msg time="2024-04-22T12:10:21.345417" level="INFO">${list_new} = [1, 2, 3, 5, 6]</msg>
<var>${list_new}</var>
<arg>${case_101 ['list_1']}</arg>
<arg>${case_101 ['list_2']}</arg>
<doc>สร้างรายการที่มีข้อมูลตรงกันจาก 2 รายการ</doc>
<status status="PASS" start="2024-04-22T12:10:21.261333" elapsed="0.084084"/>
</kw>
<kw name="Log" owner="BuiltIn">
<msg time="2024-04-22T12:10:21.347376" level="INFO">[1, 2, 3, 5, 6]</msg>
<arg>${list_new}</arg>
<doc>Logs the given message with the given level.</doc>
<status status="PASS" start="2024-04-22T12:10:21.346417" elapsed="0.000959"/>
</kw>
<doc>ทดสอบเช็ครายการที่มีข้อมูลซ้ำกัน</doc>
<tag>101</tag>
<status status="PASS" start="2024-04-22T12:10:21.258341" elapsed="0.089035"/>
</test>
<status status="PASS" start="2024-04-22T12:10:19.958404" elapsed="1.390967"/>
</suite>
<statistics>
<total>
<stat pass="1" fail="0" skip="0">All Tests</stat>
</total>
<tag>
<stat pass="1" fail="0" skip="0">101</stat>
</tag>
<suite>
<stat pass="1" fail="0" skip="0" id="s1" name="Case 101">Case 101</stat>
</suite>
</statistics>
<errors>
</errors>
</robot>
