<?xml version="1.0" encoding="UTF-8"?>
<robot generator="Robot 7.0 (Python 3.12.3 on win32)" generated="2024-04-20T01:14:11.817032" rpa="false" schemaversion="5">
<suite id="s1" name="Case 601" source="C:\Users\luyto\OneDrive\เดสก์ท็อป\Quiz\PROJECT\testcase\answer_quiz_6\case_601.robot">
<test id="s1-t1" name="Test case 601" line="6">
<kw name="Convert Simple Cipher" owner="simple_cipher">
<msg time="2024-04-20T01:14:12.680151" level="INFO">${result} = TRYME</msg>
<var>${result}</var>
<arg>${case_601 ['encrypted']}</arg>
<arg>${case_601 ['k']}</arg>
<status status="PASS" start="2024-04-20T01:14:12.679159" elapsed="0.000992"/>
</kw>
<kw name="Log" owner="BuiltIn">
<msg time="2024-04-20T01:14:12.682103" level="INFO">TRYME</msg>
<arg>${result}</arg>
<doc>Logs the given message with the given level.</doc>
<status status="PASS" start="2024-04-20T01:14:12.682103" elapsed="0.000000"/>
</kw>
<doc>ทดสอบ simple cipher</doc>
<tag>601</tag>
<status status="PASS" start="2024-04-20T01:14:12.677179" elapsed="0.005901"/>
</test>
<status status="PASS" start="2024-04-20T01:14:11.820069" elapsed="0.864961"/>
</suite>
<statistics>
<total>
<stat pass="1" fail="0" skip="0">All Tests</stat>
</total>
<tag>
<stat pass="1" fail="0" skip="0">601</stat>
</tag>
<suite>
<stat pass="1" fail="0" skip="0" id="s1" name="Case 601">Case 601</stat>
</suite>
</statistics>
<errors>
</errors>
</robot>
