<?xml version="1.0" encoding="UTF-8"?>
<robot generator="Robot 7.0 (Python 3.12.3 on win32)" generated="2024-04-19T21:48:12.314044" rpa="false" schemaversion="5">
<suite id="s1" name="Gui 01 &amp; Gui 02 &amp; Gui 03">
<suite id="s1-s1" name="Gui 01" source="C:\Users\luyto\OneDrive\เดสก์ท็อป\Quiz\PROJECT\testcase\answer_quiz_2\gui_01.robot">
<test id="s1-s1-t1" name="Login success" line="8">
<kw name="Open website" owner="gui_common" type="SETUP">
<kw name="Open Browser" owner="SeleniumLibrary">
<msg time="2024-04-19T21:48:13.161888" level="INFO">Opening browser 'chrome' to base url 'http://the-internet.herokuapp.com/login'.</msg>
<arg>${url}</arg>
<arg>chrome</arg>
<doc>Opens a new browser instance to the optional ``url``.</doc>
<status status="PASS" start="2024-04-19T21:48:13.161888" elapsed="8.475496"/>
</kw>
<kw name="Maximize Browser Window" owner="SeleniumLibrary">
<doc>Maximizes current browser window.</doc>
<status status="PASS" start="2024-04-19T21:48:21.637384" elapsed="0.118367"/>
</kw>
<status status="PASS" start="2024-04-19T21:48:13.160876" elapsed="8.594875"/>
</kw>
<kw name="Login to website" owner="gui_login__feature">
<kw name="Input username" owner="gui_login__function">
<kw name="Input Text" owner="SeleniumLibrary">
<msg time="2024-04-19T21:48:21.759711" level="INFO">Typing text 'tomsmith' into text field '//label[text()='Username']/following-sibling::input[@id='username']'.</msg>
<arg>${login__input.username}</arg>
<arg>${username}</arg>
<doc>Types the given ``text`` into the text field identified by ``locator``.</doc>
<status status="PASS" start="2024-04-19T21:48:21.758710" elapsed="0.192227"/>
</kw>
<arg>${username}</arg>
<doc>กรอกข้อมูล 'ผู้ใช้งาน'</doc>
<status status="PASS" start="2024-04-19T21:48:21.758710" elapsed="0.193205"/>
</kw>
<kw name="Input password" owner="gui_login__function">
<kw name="Input Text" owner="SeleniumLibrary">
<msg time="2024-04-19T21:48:21.953865" level="INFO">Typing text 'SuperSecretPassword!' into text field '//label[text()='Password']/following-sibling::input[@id='password']'.</msg>
<arg>${login__input.password}</arg>
<arg>${password}</arg>
<doc>Types the given ``text`` into the text field identified by ``locator``.</doc>
<status status="PASS" start="2024-04-19T21:48:21.952887" elapsed="0.171723"/>
</kw>
<arg>${password}</arg>
<doc>กรอกข้อมูล 'รหัสผ่าน'</doc>
<status status="PASS" start="2024-04-19T21:48:21.951915" elapsed="0.172695"/>
</kw>
<kw name="Click login" owner="gui_login__function">
<kw name="Click Element" owner="SeleniumLibrary">
<msg time="2024-04-19T21:48:22.127538" level="INFO">Clicking element '//button[@type='submit']/i[text()=' Login']'.</msg>
<arg>${login__button.login}</arg>
<doc>Click the element identified by ``locator``.</doc>
<status status="PASS" start="2024-04-19T21:48:22.125586" elapsed="0.755562"/>
</kw>
<doc>คลิกปุ่ม 'ล็อกอิน'</doc>
<status status="PASS" start="2024-04-19T21:48:22.125586" elapsed="0.755562"/>
</kw>
<arg>${gui_01 ['username']}</arg>
<arg>${gui_01 ['password']}</arg>
<status status="PASS" start="2024-04-19T21:48:21.756728" elapsed="1.124420"/>
</kw>
<kw name="Check popup login success" owner="gui_main__function">
<kw name="Wait Until Element Is Visible" owner="SeleniumLibrary">
<arg>${home__text.popup_login_succsss}</arg>
<doc>Waits until the element ``locator`` is visible.</doc>
<status status="PASS" start="2024-04-19T21:48:22.883102" elapsed="0.114666"/>
</kw>
<doc>เช็คป๊อบอัพ 'ล็อกอินสำเร็จ'</doc>
<status status="PASS" start="2024-04-19T21:48:22.882123" elapsed="0.115645"/>
</kw>
<kw name="Click logout" owner="gui_main__function">
<kw name="Click Element" owner="SeleniumLibrary">
<msg time="2024-04-19T21:48:23.000754" level="INFO">Clicking element '//div[@id='content']//i[text()=' Logout']'.</msg>
<arg>${home__button.logout}</arg>
<doc>Click the element identified by ``locator``.</doc>
<status status="PASS" start="2024-04-19T21:48:22.999779" elapsed="0.723844"/>
</kw>
<doc>คลิกปุ่ม 'ล็อกเอ้าท์'</doc>
<status status="PASS" start="2024-04-19T21:48:22.998776" elapsed="0.724847"/>
</kw>
<kw name="Check popup logout success" owner="gui_login__function">
<kw name="Wait Until Element Is Visible" owner="SeleniumLibrary">
<arg>${login__text.popup_logout_succsss}</arg>
<doc>Waits until the element ``locator`` is visible.</doc>
<status status="PASS" start="2024-04-19T21:48:23.724599" elapsed="0.038079"/>
</kw>
<doc>เช็คป๊อบอัพ 'ล็อกเอ้าท์สำเร็จ'</doc>
<status status="PASS" start="2024-04-19T21:48:23.724599" elapsed="0.038079"/>
</kw>
<kw name="Close Browser" owner="SeleniumLibrary" type="TEARDOWN">
<doc>Closes the current browser.</doc>
<status status="PASS" start="2024-04-19T21:48:23.763645" elapsed="2.168234"/>
</kw>
<doc>ทดสอบเข้าสู่ระบบ กรณี สำเร็จ</doc>
<tag>gui</tag>
<tag>gui_01</tag>
<status status="PASS" start="2024-04-19T21:48:13.158536" elapsed="12.773343"/>
</test>
<status status="PASS" start="2024-04-19T21:48:12.385678" elapsed="13.548153"/>
</suite>
<suite id="s1-s2" name="Gui 02" source="C:\Users\luyto\OneDrive\เดสก์ท็อป\Quiz\PROJECT\testcase\answer_quiz_2\gui_02.robot">
<test id="s1-s2-t1" name="Login password incorrect" line="8">
<kw name="Open website" owner="gui_common" type="SETUP">
<kw name="Open Browser" owner="SeleniumLibrary">
<msg time="2024-04-19T21:48:25.960329" level="INFO">Opening browser 'chrome' to base url 'http://the-internet.herokuapp.com/login'.</msg>
<arg>${url}</arg>
<arg>chrome</arg>
<doc>Opens a new browser instance to the optional ``url``.</doc>
<status status="PASS" start="2024-04-19T21:48:25.958950" elapsed="5.769987"/>
</kw>
<kw name="Maximize Browser Window" owner="SeleniumLibrary">
<doc>Maximizes current browser window.</doc>
<status status="PASS" start="2024-04-19T21:48:31.730221" elapsed="0.116625"/>
</kw>
<status status="PASS" start="2024-04-19T21:48:25.958950" elapsed="5.887896"/>
</kw>
<kw name="Login to website" owner="gui_login__feature">
<kw name="Input username" owner="gui_login__function">
<kw name="Input Text" owner="SeleniumLibrary">
<msg time="2024-04-19T21:48:31.850859" level="INFO">Typing text 'tomsmith' into text field '//label[text()='Username']/following-sibling::input[@id='username']'.</msg>
<arg>${login__input.username}</arg>
<arg>${username}</arg>
<doc>Types the given ``text`` into the text field identified by ``locator``.</doc>
<status status="PASS" start="2024-04-19T21:48:31.849884" elapsed="0.202983"/>
</kw>
<arg>${username}</arg>
<doc>กรอกข้อมูล 'ผู้ใช้งาน'</doc>
<status status="PASS" start="2024-04-19T21:48:31.848907" elapsed="0.203960"/>
</kw>
<kw name="Input password" owner="gui_login__function">
<kw name="Input Text" owner="SeleniumLibrary">
<msg time="2024-04-19T21:48:32.055795" level="INFO">Typing text '1234567890!' into text field '//label[text()='Password']/following-sibling::input[@id='password']'.</msg>
<arg>${login__input.password}</arg>
<arg>${password}</arg>
<doc>Types the given ``text`` into the text field identified by ``locator``.</doc>
<status status="PASS" start="2024-04-19T21:48:32.053845" elapsed="0.139906"/>
</kw>
<arg>${password}</arg>
<doc>กรอกข้อมูล 'รหัสผ่าน'</doc>
<status status="PASS" start="2024-04-19T21:48:32.052867" elapsed="0.140884"/>
</kw>
<kw name="Click login" owner="gui_login__function">
<kw name="Click Element" owner="SeleniumLibrary">
<msg time="2024-04-19T21:48:32.195704" level="INFO">Clicking element '//button[@type='submit']/i[text()=' Login']'.</msg>
<arg>${login__button.login}</arg>
<doc>Click the element identified by ``locator``.</doc>
<status status="PASS" start="2024-04-19T21:48:32.194728" elapsed="0.745840"/>
</kw>
<doc>คลิกปุ่ม 'ล็อกอิน'</doc>
<status status="PASS" start="2024-04-19T21:48:32.193751" elapsed="0.746817"/>
</kw>
<arg>${gui_02 ['username']}</arg>
<arg>${gui_02 ['password']}</arg>
<status status="PASS" start="2024-04-19T21:48:31.847821" elapsed="1.092747"/>
</kw>
<kw name="Check popup pass incorrect" owner="gui_login__function">
<kw name="Wait Until Element Is Visible" owner="SeleniumLibrary">
<arg>${login__text.popup_pass_error}</arg>
<doc>Waits until the element ``locator`` is visible.</doc>
<status status="PASS" start="2024-04-19T21:48:32.942520" elapsed="0.037086"/>
</kw>
<doc>เช็คป๊อบอัพ 'รหัสผ่านผิด'</doc>
<status status="PASS" start="2024-04-19T21:48:32.941544" elapsed="0.038062"/>
</kw>
<kw name="Close Browser" owner="SeleniumLibrary" type="TEARDOWN">
<doc>Closes the current browser.</doc>
<status status="PASS" start="2024-04-19T21:48:32.980544" elapsed="2.160484"/>
</kw>
<doc>ทดสอบเข้าสู่ระบบ กรณี รหัสผ่านผิด</doc>
<tag>gui</tag>
<tag>gui_02</tag>
<status status="PASS" start="2024-04-19T21:48:25.957439" elapsed="9.184562"/>
</test>
<status status="PASS" start="2024-04-19T21:48:25.935783" elapsed="9.208171"/>
</suite>
<suite id="s1-s3" name="Gui 03" source="C:\Users\luyto\OneDrive\เดสก์ท็อป\Quiz\PROJECT\testcase\answer_quiz_2\gui_03.robot">
<test id="s1-s3-t1" name="Login username notfound" line="8">
<kw name="Open website" owner="gui_common" type="SETUP">
<kw name="Open Browser" owner="SeleniumLibrary">
<msg time="2024-04-19T21:48:35.169795" level="INFO">Opening browser 'chrome' to base url 'http://the-internet.herokuapp.com/login'.</msg>
<arg>${url}</arg>
<arg>chrome</arg>
<doc>Opens a new browser instance to the optional ``url``.</doc>
<status status="PASS" start="2024-04-19T21:48:35.169795" elapsed="5.798770"/>
</kw>
<kw name="Maximize Browser Window" owner="SeleniumLibrary">
<doc>Maximizes current browser window.</doc>
<status status="PASS" start="2024-04-19T21:48:40.968565" elapsed="0.119042"/>
</kw>
<status status="PASS" start="2024-04-19T21:48:35.168787" elapsed="5.918820"/>
</kw>
<kw name="Login to website" owner="gui_login__feature">
<kw name="Input username" owner="gui_login__function">
<kw name="Input Text" owner="SeleniumLibrary">
<msg time="2024-04-19T21:48:41.090602" level="INFO">Typing text 'abcdef' into text field '//label[text()='Username']/following-sibling::input[@id='username']'.</msg>
<arg>${login__input.username}</arg>
<arg>${username}</arg>
<doc>Types the given ``text`` into the text field identified by ``locator``.</doc>
<status status="PASS" start="2024-04-19T21:48:41.090602" elapsed="0.183210"/>
</kw>
<arg>${username}</arg>
<doc>กรอกข้อมูล 'ผู้ใช้งาน'</doc>
<status status="PASS" start="2024-04-19T21:48:41.089623" elapsed="0.184189"/>
</kw>
<kw name="Input password" owner="gui_login__function">
<kw name="Input Text" owner="SeleniumLibrary">
<msg time="2024-04-19T21:48:41.275765" level="INFO">Typing text 'SuperSecretPassword!' into text field '//label[text()='Password']/following-sibling::input[@id='password']'.</msg>
<arg>${login__input.password}</arg>
<arg>${password}</arg>
<doc>Types the given ``text`` into the text field identified by ``locator``.</doc>
<status status="PASS" start="2024-04-19T21:48:41.274789" elapsed="0.169102"/>
</kw>
<arg>${password}</arg>
<doc>กรอกข้อมูล 'รหัสผ่าน'</doc>
<status status="PASS" start="2024-04-19T21:48:41.273812" elapsed="0.170079"/>
</kw>
<kw name="Click login" owner="gui_login__function">
<kw name="Click Element" owner="SeleniumLibrary">
<msg time="2024-04-19T21:48:41.445842" level="INFO">Clicking element '//button[@type='submit']/i[text()=' Login']'.</msg>
<arg>${login__button.login}</arg>
<doc>Click the element identified by ``locator``.</doc>
<status status="PASS" start="2024-04-19T21:48:41.444873" elapsed="0.732006"/>
</kw>
<doc>คลิกปุ่ม 'ล็อกอิน'</doc>
<status status="PASS" start="2024-04-19T21:48:41.444873" elapsed="0.732006"/>
</kw>
<arg>${gui_03 ['username']}</arg>
<arg>${gui_03 ['password']}</arg>
<status status="PASS" start="2024-04-19T21:48:41.087607" elapsed="1.089272"/>
</kw>
<kw name="Check popup user notfound" owner="gui_login__function">
<kw name="Wait Until Element Is Visible" owner="SeleniumLibrary">
<arg>${login__text.popup_user_error}</arg>
<doc>Waits until the element ``locator`` is visible.</doc>
<status status="PASS" start="2024-04-19T21:48:42.177854" elapsed="0.033795"/>
</kw>
<doc>เช็คป๊อบอัพ 'ผู้ใช้งานผิด'</doc>
<status status="PASS" start="2024-04-19T21:48:42.177854" elapsed="0.033795"/>
</kw>
<kw name="Close Browser" owner="SeleniumLibrary" type="TEARDOWN">
<doc>Closes the current browser.</doc>
<status status="PASS" start="2024-04-19T21:48:42.212623" elapsed="2.166239"/>
</kw>
<doc>ทดสอบเข้าสู่ระบบ กรณี ผู้ใช้งานผิด</doc>
<tag>gui</tag>
<tag>gui_03</tag>
<status status="PASS" start="2024-04-19T21:48:35.166804" elapsed="9.212058"/>
</test>
<status status="PASS" start="2024-04-19T21:48:35.145905" elapsed="9.236048"/>
</suite>
<status status="PASS" start="2024-04-19T21:48:12.317009" elapsed="32.066896"/>
</suite>
<statistics>
<total>
<stat pass="3" fail="0" skip="0">All Tests</stat>
</total>
<tag>
<stat pass="3" fail="0" skip="0">gui</stat>
<stat pass="1" fail="0" skip="0">gui_01</stat>
<stat pass="1" fail="0" skip="0">gui_02</stat>
<stat pass="1" fail="0" skip="0">gui_03</stat>
</tag>
<suite>
<stat pass="3" fail="0" skip="0" id="s1" name="Gui 01 &amp; Gui 02 &amp; Gui 03">Gui 01 &amp; Gui 02 &amp; Gui 03</stat>
<stat pass="1" fail="0" skip="0" id="s1-s1" name="Gui 01">Gui 01 &amp; Gui 02 &amp; Gui 03.Gui 01</stat>
<stat pass="1" fail="0" skip="0" id="s1-s2" name="Gui 02">Gui 01 &amp; Gui 02 &amp; Gui 03.Gui 02</stat>
<stat pass="1" fail="0" skip="0" id="s1-s3" name="Gui 03">Gui 01 &amp; Gui 02 &amp; Gui 03.Gui 03</stat>
</suite>
</statistics>
<errors>
</errors>
</robot>
