<?xml version="1.0" encoding="UTF-8"?>
<robot generator="Robot 7.0 (Python 3.12.3 on win32)" generated="2024-04-22T12:14:48.575755" rpa="false" schemaversion="5">
<suite id="s1" name="Api 01 &amp; Api 02">
<suite id="s1-s1" name="Api 01" source="C:\Users\luyto\OneDrive\เดสก์ท็อป\Quiz\PROJECT\testcase\answer_quiz_3\api_01.robot">
<test id="s1-s1-t1" name="Get user profile success" line="6">
<kw name="Send api get" owner="api_common">
<kw name="Create Session" owner="RequestsLibrary">
<msg time="2024-04-22T12:14:49.488168" level="INFO">Creating Session using : alias=mysession, url=https://reqres.in, headers={},                     cookies={}, auth=None, timeout=None, proxies=None, verify=False,                     debug=0 </msg>
<arg>mysession</arg>
<arg>${request ['ip']}</arg>
<arg>disable_warnings=1</arg>
<doc>Create Session: create a HTTP session to a server</doc>
<status status="PASS" start="2024-04-22T12:14:49.487174" elapsed="0.001993"/>
</kw>
<kw name="GET On Session" owner="RequestsLibrary">
<msg time="2024-04-22T12:14:50.141498" level="INFO">GET Request : url=https://reqres.in/api/users/12 
 path_url=/api/users/12 
 headers={'User-Agent': 'python-requests/2.31.0', 'Accept-Encoding': 'gzip, deflate', 'Accept': '*/*', 'Connection': 'keep-alive'} 
 body=None 
 </msg>
<msg time="2024-04-22T12:14:50.142525" level="INFO">GET Response : url=https://reqres.in/api/users/12 
 status=200, reason=OK 
 headers={'Date': 'Mon, 22 Apr 2024 05:14:51 GMT', 'Content-Type': 'application/json; charset=utf-8', 'Transfer-Encoding': 'chunked', 'Connection': 'keep-alive', 'Report-To': '{"group":"heroku-nel","max_age":3600,"endpoints":[{"url":"https://nel.heroku.com/reports?ts=1713762891&amp;sid=c4c9725f-1ab0-44d8-820f-430df2718e11&amp;s=lG%2FkDIyNP0zB9pIzT8JtpJ7C0Mnr2qI%2BxS1UAlNXk0s%3D"}]}', 'Reporting-Endpoints': 'heroku-nel=https://nel.heroku.com/reports?ts=1713762891&amp;sid=c4c9725f-1ab0-44d8-820f-430df2718e11&amp;s=lG%2FkDIyNP0zB9pIzT8JtpJ7C0Mnr2qI%2BxS1UAlNXk0s%3D', 'Nel': '{"report_to":"heroku-nel","max_age":3600,"success_fraction":0.005,"failure_fraction":0.05,"response_headers":["Via"]}', 'X-Powered-By': 'Express', 'Access-Control-Allow-Origin': '*', 'Etag': 'W/"11c-Y8Nrcu5DO2DrJvfp3zc2PKGiar4"', 'Via': '1.1 vegur', 'Cache-Control': 'max-age=14400', 'CF-Cache-Status': 'MISS', 'Vary': 'Accept-Encoding', 'Server': 'cloudflare', 'CF-RAY': '878321f3bcc81d2f-BKK', 'Content-Encoding': 'gzip'} 
 body={"data":{"id":12,"email":"rachel.howell@reqres.in","first_name":"Rachel","last_name":"Howell","avatar":"https://reqres.in/img/faces/12-image.jpg"},"support":{"url":"https://reqres.in/#support-heading","text":"To keep ReqRes free, contributions towards server costs are appreciated!"}} 
 </msg>
<msg time="2024-04-22T12:14:50.142525" level="INFO">${response} = &lt;Response [200]&gt;</msg>
<var>${response}</var>
<arg>mysession</arg>
<arg>${request ['path']}</arg>
<arg>expected_status=any</arg>
<doc>Sends a GET request on a previously created HTTP Session.</doc>
<status status="PASS" start="2024-04-22T12:14:49.489167" elapsed="0.653358"/>
</kw>
<kw name="Set Variable" owner="BuiltIn">
<msg time="2024-04-22T12:14:50.143534" level="INFO">${response_status} = 200</msg>
<var>${response_status}</var>
<arg>${response.status_code}</arg>
<doc>Returns the given values which can then be assigned to a variables.</doc>
<status status="PASS" start="2024-04-22T12:14:50.143534" elapsed="0.000000"/>
</kw>
<kw name="Set Variable" owner="BuiltIn">
<msg time="2024-04-22T12:14:50.145068" level="INFO">${response_body} = {'data': {'id': 12, 'email': 'rachel.howell@reqres.in', 'first_name': 'Rachel', 'last_name': 'Howell', 'avatar': 'https://reqres.in/img/faces/12-image.jpg'}, 'support': {'url': 'https://reqres.in/#sup...</msg>
<var>${response_body}</var>
<arg>${response.json()}</arg>
<doc>Returns the given values which can then be assigned to a variables.</doc>
<status status="PASS" start="2024-04-22T12:14:50.143534" elapsed="0.001534"/>
</kw>
<return>
<value>${response_status}</value>
<value>${response_body}</value>
<status status="PASS" start="2024-04-22T12:14:50.145068" elapsed="0.000000"/>
</return>
<msg time="2024-04-22T12:14:50.146123" level="INFO">${status} = 200</msg>
<msg time="2024-04-22T12:14:50.146123" level="INFO">${body} = {'data': {'id': 12, 'email': 'rachel.howell@reqres.in', 'first_name': 'Rachel', 'last_name': 'Howell', 'avatar': 'https://reqres.in/img/faces/12-image.jpg'}, 'support': {'url': 'https://reqres.in/#sup...</msg>
<var>${status}</var>
<var>${body}</var>
<arg>${api_01 ['req']}</arg>
<doc>ยิง api method get</doc>
<status status="PASS" start="2024-04-22T12:14:49.486139" elapsed="0.659984"/>
</kw>
<kw name="Check response case success" owner="api_profile__function">
<for flavor="IN">
<iter>
<if>
<branch type="IF" condition="'${parameter}' == 'status'">
<kw name="Should Be Equal As Integers" owner="BuiltIn">
<arg>${req_data ['${parameter}']}</arg>
<arg>${res_status}</arg>
<doc>Fails if objects are unequal after converting them to integers.</doc>
<status status="PASS" start="2024-04-22T12:14:50.150256" elapsed="0.000997"/>
</kw>
<status status="PASS" start="2024-04-22T12:14:50.149259" elapsed="0.001994"/>
</branch>
<branch type="ELSE IF" condition="'${parameter}' == 'id'">
<kw name="Should Be Equal As Integers" owner="BuiltIn">
<arg>${req_data ['${parameter}']}</arg>
<arg>${res_body ['data'] ['id']}</arg>
<doc>Fails if objects are unequal after converting them to integers.</doc>
<status status="NOT RUN" start="2024-04-22T12:14:50.151253" elapsed="0.000000"/>
</kw>
<status status="NOT RUN" start="2024-04-22T12:14:50.151253" elapsed="0.000000"/>
</branch>
<branch type="ELSE IF" condition="'${parameter}' == 'email'">
<kw name="Should Be Equal As Strings" owner="BuiltIn">
<arg>${req_data ['${parameter}']}</arg>
<arg>${res_body ['data'] ['email']}</arg>
<doc>Fails if objects are unequal after converting them to strings.</doc>
<status status="NOT RUN" start="2024-04-22T12:14:50.152250" elapsed="0.000000"/>
</kw>
<status status="NOT RUN" start="2024-04-22T12:14:50.151253" elapsed="0.000997"/>
</branch>
<branch type="ELSE IF" condition="'${parameter}' == 'first_name'">
<kw name="Should Be Equal As Strings" owner="BuiltIn">
<arg>${req_data ['${parameter}']}</arg>
<arg>${res_body ['data'] ['first_name']}</arg>
<doc>Fails if objects are unequal after converting them to strings.</doc>
<status status="NOT RUN" start="2024-04-22T12:14:50.152250" elapsed="0.000000"/>
</kw>
<status status="NOT RUN" start="2024-04-22T12:14:50.152250" elapsed="0.000000"/>
</branch>
<branch type="ELSE IF" condition="'${parameter}' == 'last_name'">
<kw name="Should Be Equal As Strings" owner="BuiltIn">
<arg>${req_data ['${parameter}']}</arg>
<arg>${res_body ['data'] ['last_name']}</arg>
<doc>Fails if objects are unequal after converting them to strings.</doc>
<status status="NOT RUN" start="2024-04-22T12:14:50.152250" elapsed="0.000000"/>
</kw>
<status status="NOT RUN" start="2024-04-22T12:14:50.152250" elapsed="0.000000"/>
</branch>
<branch type="ELSE IF" condition="'${parameter}' == 'avatar'">
<kw name="Should Be Equal As Strings" owner="BuiltIn">
<arg>${req_data ['${parameter}']}</arg>
<arg>${res_body ['data'] ['avatar']}</arg>
<doc>Fails if objects are unequal after converting them to strings.</doc>
<status status="NOT RUN" start="2024-04-22T12:14:50.153247" elapsed="0.000000"/>
</kw>
<status status="NOT RUN" start="2024-04-22T12:14:50.153247" elapsed="0.000000"/>
</branch>
<status status="PASS" start="2024-04-22T12:14:50.149259" elapsed="0.003988"/>
</if>
<var name="${parameter}">status</var>
<status status="PASS" start="2024-04-22T12:14:50.149259" elapsed="0.003988"/>
</iter>
<iter>
<if>
<branch type="IF" condition="'${parameter}' == 'status'">
<kw name="Should Be Equal As Integers" owner="BuiltIn">
<arg>${req_data ['${parameter}']}</arg>
<arg>${res_status}</arg>
<doc>Fails if objects are unequal after converting them to integers.</doc>
<status status="NOT RUN" start="2024-04-22T12:14:50.153247" elapsed="0.000000"/>
</kw>
<status status="NOT RUN" start="2024-04-22T12:14:50.153247" elapsed="0.000000"/>
</branch>
<branch type="ELSE IF" condition="'${parameter}' == 'id'">
<kw name="Should Be Equal As Integers" owner="BuiltIn">
<arg>${req_data ['${parameter}']}</arg>
<arg>${res_body ['data'] ['id']}</arg>
<doc>Fails if objects are unequal after converting them to integers.</doc>
<status status="PASS" start="2024-04-22T12:14:50.154792" elapsed="0.001053"/>
</kw>
<status status="PASS" start="2024-04-22T12:14:50.154792" elapsed="0.002052"/>
</branch>
<branch type="ELSE IF" condition="'${parameter}' == 'email'">
<kw name="Should Be Equal As Strings" owner="BuiltIn">
<arg>${req_data ['${parameter}']}</arg>
<arg>${res_body ['data'] ['email']}</arg>
<doc>Fails if objects are unequal after converting them to strings.</doc>
<status status="NOT RUN" start="2024-04-22T12:14:50.156844" elapsed="0.000000"/>
</kw>
<status status="NOT RUN" start="2024-04-22T12:14:50.156844" elapsed="0.000000"/>
</branch>
<branch type="ELSE IF" condition="'${parameter}' == 'first_name'">
<kw name="Should Be Equal As Strings" owner="BuiltIn">
<arg>${req_data ['${parameter}']}</arg>
<arg>${res_body ['data'] ['first_name']}</arg>
<doc>Fails if objects are unequal after converting them to strings.</doc>
<status status="NOT RUN" start="2024-04-22T12:14:50.156844" elapsed="0.000000"/>
</kw>
<status status="NOT RUN" start="2024-04-22T12:14:50.156844" elapsed="0.000000"/>
</branch>
<branch type="ELSE IF" condition="'${parameter}' == 'last_name'">
<kw name="Should Be Equal As Strings" owner="BuiltIn">
<arg>${req_data ['${parameter}']}</arg>
<arg>${res_body ['data'] ['last_name']}</arg>
<doc>Fails if objects are unequal after converting them to strings.</doc>
<status status="NOT RUN" start="2024-04-22T12:14:50.157882" elapsed="0.000000"/>
</kw>
<status status="NOT RUN" start="2024-04-22T12:14:50.156844" elapsed="0.001038"/>
</branch>
<branch type="ELSE IF" condition="'${parameter}' == 'avatar'">
<kw name="Should Be Equal As Strings" owner="BuiltIn">
<arg>${req_data ['${parameter}']}</arg>
<arg>${res_body ['data'] ['avatar']}</arg>
<doc>Fails if objects are unequal after converting them to strings.</doc>
<status status="NOT RUN" start="2024-04-22T12:14:50.157882" elapsed="0.000000"/>
</kw>
<status status="NOT RUN" start="2024-04-22T12:14:50.157882" elapsed="0.000000"/>
</branch>
<status status="PASS" start="2024-04-22T12:14:50.153247" elapsed="0.004635"/>
</if>
<var name="${parameter}">id</var>
<status status="PASS" start="2024-04-22T12:14:50.153247" elapsed="0.004635"/>
</iter>
<iter>
<if>
<branch type="IF" condition="'${parameter}' == 'status'">
<kw name="Should Be Equal As Integers" owner="BuiltIn">
<arg>${req_data ['${parameter}']}</arg>
<arg>${res_status}</arg>
<doc>Fails if objects are unequal after converting them to integers.</doc>
<status status="NOT RUN" start="2024-04-22T12:14:50.158879" elapsed="0.000000"/>
</kw>
<status status="NOT RUN" start="2024-04-22T12:14:50.158879" elapsed="0.000000"/>
</branch>
<branch type="ELSE IF" condition="'${parameter}' == 'id'">
<kw name="Should Be Equal As Integers" owner="BuiltIn">
<arg>${req_data ['${parameter}']}</arg>
<arg>${res_body ['data'] ['id']}</arg>
<doc>Fails if objects are unequal after converting them to integers.</doc>
<status status="NOT RUN" start="2024-04-22T12:14:50.159876" elapsed="0.000000"/>
</kw>
<status status="NOT RUN" start="2024-04-22T12:14:50.158879" elapsed="0.000997"/>
</branch>
<branch type="ELSE IF" condition="'${parameter}' == 'email'">
<kw name="Should Be Equal As Strings" owner="BuiltIn">
<arg>${req_data ['${parameter}']}</arg>
<arg>${res_body ['data'] ['email']}</arg>
<doc>Fails if objects are unequal after converting them to strings.</doc>
<status status="PASS" start="2024-04-22T12:14:50.159876" elapsed="0.001997"/>
</kw>
<status status="PASS" start="2024-04-22T12:14:50.159876" elapsed="0.001997"/>
</branch>
<branch type="ELSE IF" condition="'${parameter}' == 'first_name'">
<kw name="Should Be Equal As Strings" owner="BuiltIn">
<arg>${req_data ['${parameter}']}</arg>
<arg>${res_body ['data'] ['first_name']}</arg>
<doc>Fails if objects are unequal after converting them to strings.</doc>
<status status="NOT RUN" start="2024-04-22T12:14:50.161873" elapsed="0.000000"/>
</kw>
<status status="NOT RUN" start="2024-04-22T12:14:50.161873" elapsed="0.000000"/>
</branch>
<branch type="ELSE IF" condition="'${parameter}' == 'last_name'">
<kw name="Should Be Equal As Strings" owner="BuiltIn">
<arg>${req_data ['${parameter}']}</arg>
<arg>${res_body ['data'] ['last_name']}</arg>
<doc>Fails if objects are unequal after converting them to strings.</doc>
<status status="NOT RUN" start="2024-04-22T12:14:50.162868" elapsed="0.000000"/>
</kw>
<status status="NOT RUN" start="2024-04-22T12:14:50.161873" elapsed="0.000995"/>
</branch>
<branch type="ELSE IF" condition="'${parameter}' == 'avatar'">
<kw name="Should Be Equal As Strings" owner="BuiltIn">
<arg>${req_data ['${parameter}']}</arg>
<arg>${res_body ['data'] ['avatar']}</arg>
<doc>Fails if objects are unequal after converting them to strings.</doc>
<status status="NOT RUN" start="2024-04-22T12:14:50.162868" elapsed="0.000000"/>
</kw>
<status status="NOT RUN" start="2024-04-22T12:14:50.162868" elapsed="0.000000"/>
</branch>
<status status="PASS" start="2024-04-22T12:14:50.158879" elapsed="0.003989"/>
</if>
<var name="${parameter}">email</var>
<status status="PASS" start="2024-04-22T12:14:50.158879" elapsed="0.003989"/>
</iter>
<iter>
<if>
<branch type="IF" condition="'${parameter}' == 'status'">
<kw name="Should Be Equal As Integers" owner="BuiltIn">
<arg>${req_data ['${parameter}']}</arg>
<arg>${res_status}</arg>
<doc>Fails if objects are unequal after converting them to integers.</doc>
<status status="NOT RUN" start="2024-04-22T12:14:50.163868" elapsed="0.000000"/>
</kw>
<status status="NOT RUN" start="2024-04-22T12:14:50.163868" elapsed="0.000000"/>
</branch>
<branch type="ELSE IF" condition="'${parameter}' == 'id'">
<kw name="Should Be Equal As Integers" owner="BuiltIn">
<arg>${req_data ['${parameter}']}</arg>
<arg>${res_body ['data'] ['id']}</arg>
<doc>Fails if objects are unequal after converting them to integers.</doc>
<status status="NOT RUN" start="2024-04-22T12:14:50.164866" elapsed="0.000000"/>
</kw>
<status status="NOT RUN" start="2024-04-22T12:14:50.163868" elapsed="0.000998"/>
</branch>
<branch type="ELSE IF" condition="'${parameter}' == 'email'">
<kw name="Should Be Equal As Strings" owner="BuiltIn">
<arg>${req_data ['${parameter}']}</arg>
<arg>${res_body ['data'] ['email']}</arg>
<doc>Fails if objects are unequal after converting them to strings.</doc>
<status status="NOT RUN" start="2024-04-22T12:14:50.165416" elapsed="0.000000"/>
</kw>
<status status="NOT RUN" start="2024-04-22T12:14:50.164866" elapsed="0.000550"/>
</branch>
<branch type="ELSE IF" condition="'${parameter}' == 'first_name'">
<kw name="Should Be Equal As Strings" owner="BuiltIn">
<arg>${req_data ['${parameter}']}</arg>
<arg>${res_body ['data'] ['first_name']}</arg>
<doc>Fails if objects are unequal after converting them to strings.</doc>
<status status="PASS" start="2024-04-22T12:14:50.166491" elapsed="0.001027"/>
</kw>
<status status="PASS" start="2024-04-22T12:14:50.165416" elapsed="0.002102"/>
</branch>
<branch type="ELSE IF" condition="'${parameter}' == 'last_name'">
<kw name="Should Be Equal As Strings" owner="BuiltIn">
<arg>${req_data ['${parameter}']}</arg>
<arg>${res_body ['data'] ['last_name']}</arg>
<doc>Fails if objects are unequal after converting them to strings.</doc>
<status status="NOT RUN" start="2024-04-22T12:14:50.167518" elapsed="0.000000"/>
</kw>
<status status="NOT RUN" start="2024-04-22T12:14:50.167518" elapsed="0.000997"/>
</branch>
<branch type="ELSE IF" condition="'${parameter}' == 'avatar'">
<kw name="Should Be Equal As Strings" owner="BuiltIn">
<arg>${req_data ['${parameter}']}</arg>
<arg>${res_body ['data'] ['avatar']}</arg>
<doc>Fails if objects are unequal after converting them to strings.</doc>
<status status="NOT RUN" start="2024-04-22T12:14:50.168515" elapsed="0.000000"/>
</kw>
<status status="NOT RUN" start="2024-04-22T12:14:50.168515" elapsed="0.000000"/>
</branch>
<status status="PASS" start="2024-04-22T12:14:50.163868" elapsed="0.004647"/>
</if>
<var name="${parameter}">first_name</var>
<status status="PASS" start="2024-04-22T12:14:50.163868" elapsed="0.004647"/>
</iter>
<iter>
<if>
<branch type="IF" condition="'${parameter}' == 'status'">
<kw name="Should Be Equal As Integers" owner="BuiltIn">
<arg>${req_data ['${parameter}']}</arg>
<arg>${res_status}</arg>
<doc>Fails if objects are unequal after converting them to integers.</doc>
<status status="NOT RUN" start="2024-04-22T12:14:50.169524" elapsed="0.000000"/>
</kw>
<status status="NOT RUN" start="2024-04-22T12:14:50.169524" elapsed="0.000000"/>
</branch>
<branch type="ELSE IF" condition="'${parameter}' == 'id'">
<kw name="Should Be Equal As Integers" owner="BuiltIn">
<arg>${req_data ['${parameter}']}</arg>
<arg>${res_body ['data'] ['id']}</arg>
<doc>Fails if objects are unequal after converting them to integers.</doc>
<status status="NOT RUN" start="2024-04-22T12:14:50.170525" elapsed="0.000000"/>
</kw>
<status status="NOT RUN" start="2024-04-22T12:14:50.169524" elapsed="0.001001"/>
</branch>
<branch type="ELSE IF" condition="'${parameter}' == 'email'">
<kw name="Should Be Equal As Strings" owner="BuiltIn">
<arg>${req_data ['${parameter}']}</arg>
<arg>${res_body ['data'] ['email']}</arg>
<doc>Fails if objects are unequal after converting them to strings.</doc>
<status status="NOT RUN" start="2024-04-22T12:14:50.170525" elapsed="0.000000"/>
</kw>
<status status="NOT RUN" start="2024-04-22T12:14:50.170525" elapsed="0.000000"/>
</branch>
<branch type="ELSE IF" condition="'${parameter}' == 'first_name'">
<kw name="Should Be Equal As Strings" owner="BuiltIn">
<arg>${req_data ['${parameter}']}</arg>
<arg>${res_body ['data'] ['first_name']}</arg>
<doc>Fails if objects are unequal after converting them to strings.</doc>
<status status="NOT RUN" start="2024-04-22T12:14:50.171518" elapsed="0.000000"/>
</kw>
<status status="NOT RUN" start="2024-04-22T12:14:50.170525" elapsed="0.000993"/>
</branch>
<branch type="ELSE IF" condition="'${parameter}' == 'last_name'">
<kw name="Should Be Equal As Strings" owner="BuiltIn">
<arg>${req_data ['${parameter}']}</arg>
<arg>${res_body ['data'] ['last_name']}</arg>
<doc>Fails if objects are unequal after converting them to strings.</doc>
<status status="PASS" start="2024-04-22T12:14:50.171518" elapsed="0.001992"/>
</kw>
<status status="PASS" start="2024-04-22T12:14:50.171518" elapsed="0.001992"/>
</branch>
<branch type="ELSE IF" condition="'${parameter}' == 'avatar'">
<kw name="Should Be Equal As Strings" owner="BuiltIn">
<arg>${req_data ['${parameter}']}</arg>
<arg>${res_body ['data'] ['avatar']}</arg>
<doc>Fails if objects are unequal after converting them to strings.</doc>
<status status="NOT RUN" start="2024-04-22T12:14:50.173510" elapsed="0.000000"/>
</kw>
<status status="NOT RUN" start="2024-04-22T12:14:50.173510" elapsed="0.000000"/>
</branch>
<status status="PASS" start="2024-04-22T12:14:50.169524" elapsed="0.003986"/>
</if>
<var name="${parameter}">last_name</var>
<status status="PASS" start="2024-04-22T12:14:50.169524" elapsed="0.003986"/>
</iter>
<iter>
<if>
<branch type="IF" condition="'${parameter}' == 'status'">
<kw name="Should Be Equal As Integers" owner="BuiltIn">
<arg>${req_data ['${parameter}']}</arg>
<arg>${res_status}</arg>
<doc>Fails if objects are unequal after converting them to integers.</doc>
<status status="NOT RUN" start="2024-04-22T12:14:50.175056" elapsed="0.000000"/>
</kw>
<status status="NOT RUN" start="2024-04-22T12:14:50.173510" elapsed="0.001546"/>
</branch>
<branch type="ELSE IF" condition="'${parameter}' == 'id'">
<kw name="Should Be Equal As Integers" owner="BuiltIn">
<arg>${req_data ['${parameter}']}</arg>
<arg>${res_body ['data'] ['id']}</arg>
<doc>Fails if objects are unequal after converting them to integers.</doc>
<status status="NOT RUN" start="2024-04-22T12:14:50.175056" elapsed="0.000000"/>
</kw>
<status status="NOT RUN" start="2024-04-22T12:14:50.175056" elapsed="0.000000"/>
</branch>
<branch type="ELSE IF" condition="'${parameter}' == 'email'">
<kw name="Should Be Equal As Strings" owner="BuiltIn">
<arg>${req_data ['${parameter}']}</arg>
<arg>${res_body ['data'] ['email']}</arg>
<doc>Fails if objects are unequal after converting them to strings.</doc>
<status status="NOT RUN" start="2024-04-22T12:14:50.176101" elapsed="0.000000"/>
</kw>
<status status="NOT RUN" start="2024-04-22T12:14:50.175056" elapsed="0.001045"/>
</branch>
<branch type="ELSE IF" condition="'${parameter}' == 'first_name'">
<kw name="Should Be Equal As Strings" owner="BuiltIn">
<arg>${req_data ['${parameter}']}</arg>
<arg>${res_body ['data'] ['first_name']}</arg>
<doc>Fails if objects are unequal after converting them to strings.</doc>
<status status="NOT RUN" start="2024-04-22T12:14:50.176101" elapsed="0.000000"/>
</kw>
<status status="NOT RUN" start="2024-04-22T12:14:50.176101" elapsed="0.000000"/>
</branch>
<branch type="ELSE IF" condition="'${parameter}' == 'last_name'">
<kw name="Should Be Equal As Strings" owner="BuiltIn">
<arg>${req_data ['${parameter}']}</arg>
<arg>${res_body ['data'] ['last_name']}</arg>
<doc>Fails if objects are unequal after converting them to strings.</doc>
<status status="NOT RUN" start="2024-04-22T12:14:50.177105" elapsed="0.000000"/>
</kw>
<status status="NOT RUN" start="2024-04-22T12:14:50.176101" elapsed="0.001004"/>
</branch>
<branch type="ELSE IF" condition="'${parameter}' == 'avatar'">
<kw name="Should Be Equal As Strings" owner="BuiltIn">
<arg>${req_data ['${parameter}']}</arg>
<arg>${res_body ['data'] ['avatar']}</arg>
<doc>Fails if objects are unequal after converting them to strings.</doc>
<status status="PASS" start="2024-04-22T12:14:50.177105" elapsed="0.001996"/>
</kw>
<status status="PASS" start="2024-04-22T12:14:50.177105" elapsed="0.001996"/>
</branch>
<status status="PASS" start="2024-04-22T12:14:50.173510" elapsed="0.005591"/>
</if>
<var name="${parameter}">avatar</var>
<status status="PASS" start="2024-04-22T12:14:50.173510" elapsed="0.005591"/>
</iter>
<var>${parameter}</var>
<value>@{req_data.keys()}</value>
<status status="PASS" start="2024-04-22T12:14:50.148262" elapsed="0.030839"/>
</for>
<arg>${api_01 ['res']}</arg>
<arg>${status}</arg>
<arg>${body}</arg>
<doc>เช็ค response กรณี สำเร็จ</doc>
<status status="PASS" start="2024-04-22T12:14:50.147301" elapsed="0.031800"/>
</kw>
<doc>ทดสอบ api profile กรณี สำเร็จ</doc>
<tag>api</tag>
<tag>api_01</tag>
<status status="PASS" start="2024-04-22T12:14:49.483484" elapsed="0.696630"/>
</test>
<status status="PASS" start="2024-04-22T12:14:48.648332" elapsed="1.533722"/>
</suite>
<suite id="s1-s2" name="Api 02" source="C:\Users\luyto\OneDrive\เดสก์ท็อป\Quiz\PROJECT\testcase\answer_quiz_3\api_02.robot">
<test id="s1-s2-t1" name="Get user profile but user not found" line="6">
<kw name="Send api get" owner="api_common">
<kw name="Create Session" owner="RequestsLibrary">
<msg time="2024-04-22T12:14:50.217451" level="INFO">Creating Session using : alias=mysession, url=https://reqres.in, headers={},                     cookies={}, auth=None, timeout=None, proxies=None, verify=False,                     debug=0 </msg>
<arg>mysession</arg>
<arg>${request ['ip']}</arg>
<arg>disable_warnings=1</arg>
<doc>Create Session: create a HTTP session to a server</doc>
<status status="PASS" start="2024-04-22T12:14:50.216437" elapsed="0.001014"/>
</kw>
<kw name="GET On Session" owner="RequestsLibrary">
<msg time="2024-04-22T12:14:50.819707" level="INFO">GET Request : url=https://reqres.in/api/users/1234 
 path_url=/api/users/1234 
 headers={'User-Agent': 'python-requests/2.31.0', 'Accept-Encoding': 'gzip, deflate', 'Accept': '*/*', 'Connection': 'keep-alive'} 
 body=None 
 </msg>
<msg time="2024-04-22T12:14:50.819707" level="INFO">GET Response : url=https://reqres.in/api/users/1234 
 status=404, reason=Not Found 
 headers={'Date': 'Mon, 22 Apr 2024 05:14:52 GMT', 'Content-Type': 'application/json; charset=utf-8', 'Content-Length': '2', 'Connection': 'keep-alive', 'Report-To': '{"group":"heroku-nel","max_age":3600,"endpoints":[{"url":"https://nel.heroku.com/reports?ts=1713762891&amp;sid=c4c9725f-1ab0-44d8-820f-430df2718e11&amp;s=lG%2FkDIyNP0zB9pIzT8JtpJ7C0Mnr2qI%2BxS1UAlNXk0s%3D"}]}', 'Reporting-Endpoints': 'heroku-nel=https://nel.heroku.com/reports?ts=1713762891&amp;sid=c4c9725f-1ab0-44d8-820f-430df2718e11&amp;s=lG%2FkDIyNP0zB9pIzT8JtpJ7C0Mnr2qI%2BxS1UAlNXk0s%3D', 'Nel': '{"report_to":"heroku-nel","max_age":3600,"success_fraction":0.005,"failure_fraction":0.05,"response_headers":["Via"]}', 'X-Powered-By': 'Express', 'Access-Control-Allow-Origin': '*', 'Etag': 'W/"2-vyGp6PvFo4RvsFtPoIWeCReyIC8"', 'Via': '1.1 vegur', 'Cache-Control': 'max-age=14400', 'CF-Cache-Status': 'MISS', 'Vary': 'Accept-Encoding', 'Server': 'cloudflare', 'CF-RAY': '878321f80bd07993-BKK'} 
 body={} 
 </msg>
<msg time="2024-04-22T12:14:50.819707" level="INFO">${response} = &lt;Response [404]&gt;</msg>
<var>${response}</var>
<arg>mysession</arg>
<arg>${request ['path']}</arg>
<arg>expected_status=any</arg>
<doc>Sends a GET request on a previously created HTTP Session.</doc>
<status status="PASS" start="2024-04-22T12:14:50.217451" elapsed="0.602256"/>
</kw>
<kw name="Set Variable" owner="BuiltIn">
<msg time="2024-04-22T12:14:50.821702" level="INFO">${response_status} = 404</msg>
<var>${response_status}</var>
<arg>${response.status_code}</arg>
<doc>Returns the given values which can then be assigned to a variables.</doc>
<status status="PASS" start="2024-04-22T12:14:50.820703" elapsed="0.000999"/>
</kw>
<kw name="Set Variable" owner="BuiltIn">
<msg time="2024-04-22T12:14:50.822698" level="INFO">${response_body} = {}</msg>
<var>${response_body}</var>
<arg>${response.json()}</arg>
<doc>Returns the given values which can then be assigned to a variables.</doc>
<status status="PASS" start="2024-04-22T12:14:50.821702" elapsed="0.000996"/>
</kw>
<return>
<value>${response_status}</value>
<value>${response_body}</value>
<status status="PASS" start="2024-04-22T12:14:50.822698" elapsed="0.000000"/>
</return>
<msg time="2024-04-22T12:14:50.822698" level="INFO">${status} = 404</msg>
<msg time="2024-04-22T12:14:50.822698" level="INFO">${body} = {}</msg>
<var>${status}</var>
<var>${body}</var>
<arg>${api_02 ['req']}</arg>
<doc>ยิง api method get</doc>
<status status="PASS" start="2024-04-22T12:14:50.215427" elapsed="0.607271"/>
</kw>
<kw name="Check response case not found" owner="api_profile__function">
<kw name="Should Be Equal As Strings" owner="BuiltIn">
<msg time="2024-04-22T12:14:50.825222" level="INFO">Argument types are:
&lt;class 'int'&gt;
&lt;class 'str'&gt;</msg>
<arg>${res_status}</arg>
<arg>404</arg>
<doc>Fails if objects are unequal after converting them to strings.</doc>
<status status="PASS" start="2024-04-22T12:14:50.824656" elapsed="0.000566"/>
</kw>
<kw name="Create Dictionary" owner="BuiltIn">
<msg time="2024-04-22T12:14:50.825222" level="INFO">${empty_dict} = {}</msg>
<var>${empty_dict}</var>
<doc>Creates and returns a dictionary based on the given ``items``.</doc>
<status status="PASS" start="2024-04-22T12:14:50.825222" elapsed="0.000000"/>
</kw>
<kw name="Should Be Equal" owner="BuiltIn">
<msg time="2024-04-22T12:14:50.826223" level="INFO">Argument types are:
&lt;class 'dict'&gt;
&lt;class 'robot.utils.dotdict.DotDict'&gt;</msg>
<arg>${res_body}</arg>
<arg>${empty_dict}</arg>
<doc>Fails if the given objects are unequal.</doc>
<status status="PASS" start="2024-04-22T12:14:50.826223" elapsed="0.000000"/>
</kw>
<arg>${status}</arg>
<arg>${body}</arg>
<doc>เช็ค response กรณี ไม่พบข้อมูล</doc>
<status status="PASS" start="2024-04-22T12:14:50.823695" elapsed="0.002528"/>
</kw>
<doc>ทดสอบ api profile กรณี ไม่พบข้อมูล</doc>
<tag>api</tag>
<tag>api_02</tag>
<status status="PASS" start="2024-04-22T12:14:50.212924" elapsed="0.614392"/>
</test>
<status status="PASS" start="2024-04-22T12:14:50.184049" elapsed="0.645241"/>
</suite>
<status status="PASS" start="2024-04-22T12:14:48.578903" elapsed="2.252428"/>
</suite>
<statistics>
<total>
<stat pass="2" fail="0" skip="0">All Tests</stat>
</total>
<tag>
<stat pass="2" fail="0" skip="0">api</stat>
<stat pass="1" fail="0" skip="0">api_01</stat>
<stat pass="1" fail="0" skip="0">api_02</stat>
</tag>
<suite>
<stat pass="2" fail="0" skip="0" id="s1" name="Api 01 &amp; Api 02">Api 01 &amp; Api 02</stat>
<stat pass="1" fail="0" skip="0" id="s1-s1" name="Api 01">Api 01 &amp; Api 02.Api 01</stat>
<stat pass="1" fail="0" skip="0" id="s1-s2" name="Api 02">Api 01 &amp; Api 02.Api 02</stat>
</suite>
</statistics>
<errors>
</errors>
</robot>
